#
# There is insufficient memory for the Java Runtime Environment to continue.
# Native memory allocation (malloc) failed to allocate 299536 bytes for Chunk::new
# Possible reasons:
#   The system is out of physical RAM or swap space
#   The process is running with CompressedOops enabled, and the Java Heap may be blocking the growth of the native heap
# Possible solutions:
#   Reduce memory load on the system
#   Increase physical memory or swap space
#   Check if swap backing store is full
#   Decrease Java heap size (-Xmx/-Xms)
#   Decrease number of Java threads
#   Decrease Java thread stack sizes (-Xss)
#   Set larger code cache with -XX:ReservedCodeCacheSize=
#   JVM is running with Zero Based Compressed Oops mode in which the Java heap is
#     placed in the first 32GB address space. The Java Heap base address is the
#     maximum limit for the native heap growth. Please use -XX:HeapBaseMinAddress
#     to set the Java Heap base and to place the Java Heap above 32GB virtual address.
# This output file may be truncated or incomplete.
#
#  Out of Memory Error (allocation.cpp:390), pid=52564, tid=0x000000000000d374
#
# JRE version: Java(TM) SE Runtime Environment (8.0_201-b09) (build 1.8.0_201-b09)
# Java VM: Java HotSpot(TM) 64-Bit Server VM (25.201-b09 mixed mode windows-amd64 compressed oops)
# Failed to write core dump. Minidumps are not enabled by default on client versions of Windows
#

---------------  T H R E A D  ---------------

Current thread (0x000000001ddd3000):  JavaThread "C2 CompilerThread0" daemon [_thread_in_native, id=54132, stack(0x000000001e6a0000,0x000000001e7a0000)]

Stack: [0x000000001e6a0000,0x000000001e7a0000]
[error occurred during error reporting (printing stack bounds), id 0xc0000005]

Native frames: (J=compiled Java code, j=interpreted, Vv=VM code, C=native code)


Current CompileTask:
C2:  36232 7039   !   4       java.nio.charset.CharsetEncoder::encode (285 bytes)


---------------  P R O C E S S  ---------------

Java Threads: ( => current thread )
  0x0000000023fb1800 JavaThread "Thread-4" [_thread_in_native, id=55272, stack(0x00000000275a0000,0x00000000276a0000)]
  0x0000000023fb7000 JavaThread "Thread-3" [_thread_in_native, id=46656, stack(0x00000000274a0000,0x00000000275a0000)]
  0x000000001f657000 JavaThread "Thread-2" [_thread_blocked, id=45632, stack(0x00000000273a0000,0x00000000274a0000)]
  0x0000000021061000 JavaThread "ThreadedStreamConsumer" daemon [_thread_blocked, id=51424, stack(0x00000000271a0000,0x00000000272a0000)]
  0x0000000023ce6000 JavaThread "ping-timer-10s" daemon [_thread_blocked, id=52796, stack(0x00000000270a0000,0x00000000271a0000)]
  0x0000000022312000 JavaThread "timeout-check-timer" daemon [_thread_blocked, id=54952, stack(0x0000000026fa0000,0x00000000270a0000)]
  0x0000000020147000 JavaThread "resolver-5" daemon [_thread_blocked, id=53040, stack(0x0000000026ca0000,0x0000000026da0000)]
  0x000000001ff74000 JavaThread "resolver-4" daemon [_thread_blocked, id=54664, stack(0x0000000026ba0000,0x0000000026ca0000)]
  0x000000001f49a800 JavaThread "resolver-3" daemon [_thread_blocked, id=54096, stack(0x0000000025a80000,0x0000000025b80000)]
  0x0000000022296000 JavaThread "resolver-2" daemon [_thread_blocked, id=50032, stack(0x0000000025980000,0x0000000025a80000)]
  0x000000001eda6800 JavaThread "resolver-1" daemon [_thread_blocked, id=55276, stack(0x0000000025880000,0x0000000025980000)]
  0x000000001de57800 JavaThread "Service Thread" daemon [_thread_blocked, id=48252, stack(0x000000001eaa0000,0x000000001eba0000)]
  0x000000001dde7800 JavaThread "C1 CompilerThread3" daemon [_thread_blocked, id=44868, stack(0x000000001e9a0000,0x000000001eaa0000)]
  0x000000001dddd800 JavaThread "C2 CompilerThread2" daemon [_thread_in_native, id=46708, stack(0x000000001e8a0000,0x000000001e9a0000)]
  0x000000001ddd6000 JavaThread "C2 CompilerThread1" daemon [_thread_in_native, id=24676, stack(0x000000001e7a0000,0x000000001e8a0000)]
=>0x000000001ddd3000 JavaThread "C2 CompilerThread0" daemon [_thread_in_native, id=54132, stack(0x000000001e6a0000,0x000000001e7a0000)]
  0x000000001ddd0000 JavaThread "Attach Listener" daemon [_thread_blocked, id=31696, stack(0x000000001e5a0000,0x000000001e6a0000)]
  0x000000001ddcf000 JavaThread "Signal Dispatcher" daemon [_thread_blocked, id=45960, stack(0x000000001e4a0000,0x000000001e5a0000)]
  0x0000000002b9c800 JavaThread "Finalizer" daemon [_thread_blocked, id=48532, stack(0x000000001e2a0000,0x000000001e3a0000)]
  0x000000001ddc0800 JavaThread "Reference Handler" daemon [_thread_blocked, id=52324, stack(0x000000001e1a0000,0x000000001e2a0000)]
  0x0000000002aa2800 JavaThread "main" [_thread_in_native, id=32752, stack(0x0000000002920000,0x0000000002a20000)]

Other Threads:
  0x000000001bfba000 VMThread [stack: 0x000000001dca0000,0x000000001dda0000] [id=12096]
  0x000000001de81800 WatcherThread [stack: 0x000000001eba0000,0x000000001eca0000] [id=34888]

VM state:not at safepoint (normal execution)

VM Mutex/Monitor currently owned by a thread: None

heap address: 0x00000006cc000000, size: 3904 MB, Compressed Oops mode: Zero based, Oop shift amount: 3
Narrow klass base: 0x0000000000000000, Narrow klass shift: 3
Compressed class space size: 1073741824 Address: 0x00000007c0000000

Heap:
 PSYoungGen      total 203264K, used 32829K [0x000000076eb00000, 0x000000077f080000, 0x00000007c0000000)
  eden space 197120K, 13% used [0x000000076eb00000,0x0000000770516408,0x000000077ab80000)
  from space 6144K, 99% used [0x000000077ea80000,0x000000077f079050,0x000000077f080000)
  to   space 23040K, 0% used [0x000000077d400000,0x000000077d400000,0x000000077ea80000)
 ParOldGen       total 134656K, used 59713K [0x00000006cc000000, 0x00000006d4380000, 0x000000076eb00000)
  object space 134656K, 44% used [0x00000006cc000000,0x00000006cfa50580,0x00000006d4380000)
 Metaspace       used 28269K, capacity 28936K, committed 29232K, reserved 1075200K
  class space    used 3163K, capacity 3346K, committed 3376K, reserved 1048576K

Card table byte_map: [0x0000000011f60000,0x0000000012710000] byte_map_base: 0x000000000e900000

Marking Bits: (ParMarkBitMap*) 0x0000000065234ce0
 Begin Bits: [0x0000000013430000, 0x0000000017130000)
 End Bits:   [0x0000000017130000, 0x000000001ae30000)

Polling page: 0x0000000001110000

CodeCache: size=245760Kb used=22143Kb max_used=23467Kb free=223616Kb
 bounds [0x0000000002ba0000, 0x0000000004320000, 0x0000000011ba0000]
 total_blobs=6199 nmethods=5749 adapters=362
 compilation: enabled

Compilation events (10 events):
Event: 36.212 Thread 0x000000001ddd3000 7039   !   4       java.nio.charset.CharsetEncoder::encode (285 bytes)
Event: 36.212 Thread 0x000000001ddd6000 nmethod 7038 0x0000000003bf0950 code [0x0000000003bf0aa0, 0x0000000003bf0cd8]
Event: 36.212 Thread 0x000000001dddd800 7040  s    4       java.io.BufferedOutputStream::flush (12 bytes)
Event: 36.213 Thread 0x000000001ddd6000 7041       4       java.util.StringTokenizer::<init> (52 bytes)
Event: 36.216 Thread 0x000000001dddd800 nmethod 7040 0x00000000034521d0 code [0x0000000003452320, 0x00000000034526a8]
Event: 36.217 Thread 0x000000001dddd800 7042   !   4       java.io.BufferedWriter::write (117 bytes)
Event: 36.220 Thread 0x000000001ddd6000 nmethod 7041 0x000000000370c890 code [0x000000000370c9e0, 0x000000000370cc58]
Event: 36.220 Thread 0x000000001ddd6000 7043   !   4       java.io.BufferedWriter::flushBuffer (53 bytes)
Event: 36.225 Thread 0x000000001dddd800 nmethod 7042 0x0000000003aed010 code [0x0000000003aed160, 0x0000000003aed7b8]
Event: 36.225 Thread 0x000000001dddd800 7044       4       sun.nio.cs.StreamEncoder::implWrite (156 bytes)

GC Heap History (10 events):
Event: 3.211 GC heap before
{Heap before GC invocations=5 (full 0):
 PSYoungGen      total 135168K, used 102475K [0x000000076eb00000, 0x0000000777900000, 0x00000007c0000000)
  eden space 124928K, 73% used [0x000000076eb00000,0x0000000774516cc8,0x0000000776500000)
  from space 10240K, 99% used [0x0000000776f00000,0x00000007778fc050,0x0000000777900000)
  to   space 10240K, 0% used [0x0000000776500000,0x0000000776500000,0x0000000776f00000)
 ParOldGen       total 166912K, used 3560K [0x00000006cc000000, 0x00000006d6300000, 0x000000076eb00000)
  object space 166912K, 2% used [0x00000006cc000000,0x00000006cc37a3c8,0x00000006d6300000)
 Metaspace       used 20824K, capacity 21278K, committed 21296K, reserved 1069056K
  class space    used 2493K, capacity 2591K, committed 2608K, reserved 1048576K
Event: 3.226 GC heap after
Heap after GC invocations=5 (full 0):
 PSYoungGen      total 135168K, used 10236K [0x000000076eb00000, 0x0000000780100000, 0x00000007c0000000)
  eden space 124928K, 0% used [0x000000076eb00000,0x000000076eb00000,0x0000000776500000)
  from space 10240K, 99% used [0x0000000776500000,0x0000000776eff218,0x0000000776f00000)
  to   space 17408K, 0% used [0x000000077f000000,0x000000077f000000,0x0000000780100000)
 ParOldGen       total 166912K, used 10742K [0x00000006cc000000, 0x00000006d6300000, 0x000000076eb00000)
  object space 166912K, 6% used [0x00000006cc000000,0x00000006cca7da20,0x00000006d6300000)
 Metaspace       used 20824K, capacity 21278K, committed 21296K, reserved 1069056K
  class space    used 2493K, capacity 2591K, committed 2608K, reserved 1048576K
}
Event: 3.226 GC heap before
{Heap before GC invocations=6 (full 1):
 PSYoungGen      total 135168K, used 10236K [0x000000076eb00000, 0x0000000780100000, 0x00000007c0000000)
  eden space 124928K, 0% used [0x000000076eb00000,0x000000076eb00000,0x0000000776500000)
  from space 10240K, 99% used [0x0000000776500000,0x0000000776eff218,0x0000000776f00000)
  to   space 17408K, 0% used [0x000000077f000000,0x000000077f000000,0x0000000780100000)
 ParOldGen       total 166912K, used 10742K [0x00000006cc000000, 0x00000006d6300000, 0x000000076eb00000)
  object space 166912K, 6% used [0x00000006cc000000,0x00000006cca7da20,0x00000006d6300000)
 Metaspace       used 20824K, capacity 21278K, committed 21296K, reserved 1069056K
  class space    used 2493K, capacity 2591K, committed 2608K, reserved 1048576K
Event: 3.354 GC heap after
Heap after GC invocations=6 (full 1):
 PSYoungGen      total 135168K, used 0K [0x000000076eb00000, 0x0000000780100000, 0x00000007c0000000)
  eden space 124928K, 0% used [0x000000076eb00000,0x000000076eb00000,0x0000000776500000)
  from space 10240K, 0% used [0x0000000776500000,0x0000000776500000,0x0000000776f00000)
  to   space 17408K, 0% used [0x000000077f000000,0x000000077f000000,0x0000000780100000)
 ParOldGen       total 134656K, used 20011K [0x00000006cc000000, 0x00000006d4380000, 0x000000076eb00000)
  object space 134656K, 14% used [0x00000006cc000000,0x00000006cd38afa0,0x00000006d4380000)
 Metaspace       used 20824K, capacity 21278K, committed 21296K, reserved 1069056K
  class space    used 2493K, capacity 2591K, committed 2608K, reserved 1048576K
}
Event: 4.707 GC heap before
{Heap before GC invocations=7 (full 1):
 PSYoungGen      total 135168K, used 124928K [0x000000076eb00000, 0x0000000780100000, 0x00000007c0000000)
  eden space 124928K, 100% used [0x000000076eb00000,0x0000000776500000,0x0000000776500000)
  from space 10240K, 0% used [0x0000000776500000,0x0000000776500000,0x0000000776f00000)
  to   space 17408K, 0% used [0x000000077f000000,0x000000077f000000,0x0000000780100000)
 ParOldGen       total 134656K, used 20011K [0x00000006cc000000, 0x00000006d4380000, 0x000000076eb00000)
  object space 134656K, 14% used [0x00000006cc000000,0x00000006cd38afa0,0x00000006d4380000)
 Metaspace       used 23574K, capacity 24136K, committed 24368K, reserved 1071104K
  class space    used 2730K, capacity 2860K, committed 2864K, reserved 1048576K
Event: 4.718 GC heap after
Heap after GC invocations=7 (full 1):
 PSYoungGen      total 174080K, used 17406K [0x000000076eb00000, 0x0000000780100000, 0x00000007c0000000)
  eden space 156672K, 0% used [0x000000076eb00000,0x000000076eb00000,0x0000000778400000)
  from space 17408K, 99% used [0x000000077f000000,0x00000007800ffbf0,0x0000000780100000)
  to   space 23040K, 0% used [0x000000077d400000,0x000000077d400000,0x000000077ea80000)
 ParOldGen       total 134656K, used 25662K [0x00000006cc000000, 0x00000006d4380000, 0x000000076eb00000)
  object space 134656K, 19% used [0x00000006cc000000,0x00000006cd90fbd0,0x00000006d4380000)
 Metaspace       used 23574K, capacity 24136K, committed 24368K, reserved 1071104K
  class space    used 2730K, capacity 2860K, committed 2864K, reserved 1048576K
}
Event: 5.921 GC heap before
{Heap before GC invocations=8 (full 1):
 PSYoungGen      total 174080K, used 174078K [0x000000076eb00000, 0x0000000780100000, 0x00000007c0000000)
  eden space 156672K, 100% used [0x000000076eb00000,0x0000000778400000,0x0000000778400000)
  from space 17408K, 99% used [0x000000077f000000,0x00000007800ffbf0,0x0000000780100000)
  to   space 23040K, 0% used [0x000000077d400000,0x000000077d400000,0x000000077ea80000)
 ParOldGen       total 134656K, used 25662K [0x00000006cc000000, 0x00000006d4380000, 0x000000076eb00000)
  object space 134656K, 19% used [0x00000006cc000000,0x00000006cd90fbd0,0x00000006d4380000)
 Metaspace       used 23886K, capacity 24458K, committed 24624K, reserved 1071104K
  class space    used 2733K, capacity 2862K, committed 2864K, reserved 1048576K
Event: 5.940 GC heap after
Heap after GC invocations=8 (full 1):
 PSYoungGen      total 220160K, used 23025K [0x000000076eb00000, 0x000000077f080000, 0x00000007c0000000)
  eden space 197120K, 0% used [0x000000076eb00000,0x000000076eb00000,0x000000077ab80000)
  from space 23040K, 99% used [0x000000077d400000,0x000000077ea7c718,0x000000077ea80000)
  to   space 6144K, 0% used [0x000000077ea80000,0x000000077ea80000,0x000000077f080000)
 ParOldGen       total 134656K, used 32728K [0x00000006cc000000, 0x00000006d4380000, 0x000000076eb00000)
  object space 134656K, 24% used [0x00000006cc000000,0x00000006cdff62d0,0x00000006d4380000)
 Metaspace       used 23886K, capacity 24458K, committed 24624K, reserved 1071104K
  class space    used 2733K, capacity 2862K, committed 2864K, reserved 1048576K
}
Event: 34.647 GC heap before
{Heap before GC invocations=9 (full 1):
 PSYoungGen      total 220160K, used 220145K [0x000000076eb00000, 0x000000077f080000, 0x00000007c0000000)
  eden space 197120K, 100% used [0x000000076eb00000,0x000000077ab80000,0x000000077ab80000)
  from space 23040K, 99% used [0x000000077d400000,0x000000077ea7c718,0x000000077ea80000)
  to   space 6144K, 0% used [0x000000077ea80000,0x000000077ea80000,0x000000077f080000)
 ParOldGen       total 134656K, used 32728K [0x00000006cc000000, 0x00000006d4380000, 0x000000076eb00000)
  object space 134656K, 24% used [0x00000006cc000000,0x00000006cdff62d0,0x00000006d4380000)
 Metaspace       used 28255K, capacity 28936K, committed 29232K, reserved 1075200K
  class space    used 3162K, capacity 3346K, committed 3376K, reserved 1048576K
Event: 34.680 GC heap after
Heap after GC invocations=9 (full 1):
 PSYoungGen      total 203264K, used 6116K [0x000000076eb00000, 0x000000077f080000, 0x00000007c0000000)
  eden space 197120K, 0% used [0x000000076eb00000,0x000000076eb00000,0x000000077ab80000)
  from space 6144K, 99% used [0x000000077ea80000,0x000000077f079050,0x000000077f080000)
  to   space 23040K, 0% used [0x000000077d400000,0x000000077d400000,0x000000077ea80000)
 ParOldGen       total 134656K, used 59713K [0x00000006cc000000, 0x00000006d4380000, 0x000000076eb00000)
  object space 134656K, 44% used [0x00000006cc000000,0x00000006cfa50580,0x00000006d4380000)
 Metaspace       used 28255K, capacity 28936K, committed 29232K, reserved 1075200K
  class space    used 3162K, capacity 3346K, committed 3376K, reserved 1048576K
}

Deoptimization events (10 events):
Event: 7.289 Thread 0x000000001eda6800 Uncommon trap: reason=class_check action=maybe_recompile pc=0x0000000004293180 method=java.util.concurrent.locks.AbstractQueuedSynchronizer.release(I)Z @ 2
Event: 7.289 Thread 0x0000000022296000 Uncommon trap: reason=class_check action=maybe_recompile pc=0x0000000004293180 method=java.util.concurrent.locks.AbstractQueuedSynchronizer.release(I)Z @ 2
Event: 7.290 Thread 0x0000000022296000 Uncommon trap: reason=class_check action=maybe_recompile pc=0x0000000004293180 method=java.util.concurrent.locks.AbstractQueuedSynchronizer.release(I)Z @ 2
Event: 7.290 Thread 0x000000001eda6800 Uncommon trap: reason=class_check action=maybe_recompile pc=0x0000000004293180 method=java.util.concurrent.locks.AbstractQueuedSynchronizer.release(I)Z @ 2
Event: 7.294 Thread 0x0000000002aa2800 Uncommon trap: reason=unstable_if action=reinterpret pc=0x00000000034d4580 method=org.eclipse.sisu.plexus.RealmFilteredBeans$FilteredItr.next()Lorg/eclipse/sisu/BeanEntry; @ 4
Event: 7.503 Thread 0x0000000002aa2800 Uncommon trap: reason=class_check action=maybe_recompile pc=0x000000000375266c method=java.util.regex.Pattern$Branch.match(Ljava/util/regex/Matcher;ILjava/lang/CharSequence;)Z @ 50
Event: 7.503 Thread 0x0000000002aa2800 Uncommon trap: reason=class_check action=maybe_recompile pc=0x000000000375266c method=java.util.regex.Pattern$Branch.match(Ljava/util/regex/Matcher;ILjava/lang/CharSequence;)Z @ 50
Event: 7.503 Thread 0x0000000002aa2800 Uncommon trap: reason=class_check action=maybe_recompile pc=0x000000000375266c method=java.util.regex.Pattern$Branch.match(Ljava/util/regex/Matcher;ILjava/lang/CharSequence;)Z @ 50
Event: 7.503 Thread 0x0000000002aa2800 Uncommon trap: reason=class_check action=maybe_recompile pc=0x000000000375266c method=java.util.regex.Pattern$Branch.match(Ljava/util/regex/Matcher;ILjava/lang/CharSequence;)Z @ 50
Event: 34.439 Thread 0x0000000021061000 Uncommon trap: reason=unstable_if action=reinterpret pc=0x0000000003feb438 method=java.util.concurrent.locks.ReentrantLock$Sync.nonfairTryAcquire(I)Z @ 19

Classes redefined (0 events):
No events

Internal exceptions (10 events):
Event: 6.985 Thread 0x0000000002aa2800 Exception <a 'java/lang/NoClassDefFoundError': org/sonatype/aether/artifact/ArtifactType> (0x0000000773cc9798) thrown at [C:\re\workspace\8-2-build-windows-amd64-cygwin\jdk8u201\12322\hotspot\src\share\vm\classfile\systemDictionary.cpp, line 199]
Event: 6.986 Thread 0x0000000002aa2800 Exception <a 'java/lang/NoClassDefFoundError': org/sonatype/aether/artifact/Artifact> (0x0000000773cdd838) thrown at [C:\re\workspace\8-2-build-windows-amd64-cygwin\jdk8u201\12322\hotspot\src\share\vm\classfile\systemDictionary.cpp, line 199]
Event: 6.986 Thread 0x0000000002aa2800 Exception <a 'java/lang/NoClassDefFoundError': org/sonatype/aether/artifact/Artifact> (0x0000000773cee028) thrown at [C:\re\workspace\8-2-build-windows-amd64-cygwin\jdk8u201\12322\hotspot\src\share\vm\classfile\systemDictionary.cpp, line 199]
Event: 6.990 Thread 0x0000000002aa2800 Exception <a 'java/lang/NoClassDefFoundError': org/sonatype/aether/deployment/DeploymentException> (0x0000000773d38668) thrown at [C:\re\workspace\8-2-build-windows-amd64-cygwin\jdk8u201\12322\hotspot\src\share\vm\classfile\systemDictionary.cpp, line 199]
Event: 6.991 Thread 0x0000000002aa2800 Exception <a 'java/lang/NoClassDefFoundError': org/sonatype/aether/resolution/ArtifactDescriptorException> (0x0000000773d46680) thrown at [C:\re\workspace\8-2-build-windows-amd64-cygwin\jdk8u201\12322\hotspot\src\share\vm\classfile\systemDictionary.cpp, l
Event: 7.029 Thread 0x0000000002aa2800 Implicit null exception at 0x000000000339c121 to 0x000000000339c199
Event: 7.029 Thread 0x0000000002aa2800 Implicit null exception at 0x000000000335c330 to 0x000000000335c389
Event: 7.250 Thread 0x0000000002aa2800 Implicit null exception at 0x00000000039bf8c3 to 0x00000000039bfb0d
Event: 7.275 Thread 0x0000000002aa2800 Implicit null exception at 0x00000000030af107 to 0x00000000030af629
Event: 7.505 Thread 0x0000000002aa2800 Exception <a 'sun/nio/fs/WindowsException'> (0x0000000778e19c20) thrown at [C:\re\workspace\8-2-build-windows-amd64-cygwin\jdk8u201\12322\hotspot\src\share\vm\prims\jni.cpp, line 709]

Events (10 events):
Event: 21.346 Thread 0x000000001dde7800 flushing nmethod 0x00000000040ac4d0
Event: 21.455 Thread 0x000000001dde7800 flushing nmethod 0x00000000040c6c50
Event: 21.455 Thread 0x000000001dde7800 flushing nmethod 0x00000000042993d0
Event: 34.439 Thread 0x0000000021061000 Uncommon trap: trap_request=0xffffff65 fr.pc=0x0000000003feb438
Event: 34.439 Thread 0x0000000021061000 DEOPT PACKING pc=0x0000000003feb438 sp=0x000000002729f1b0
Event: 34.439 Thread 0x0000000021061000 DEOPT UNPACKING pc=0x0000000002be583b sp=0x000000002729f130 mode 2
Event: 34.647 Executing VM operation: ParallelGCFailedAllocation
Event: 34.680 Executing VM operation: ParallelGCFailedAllocation done
Event: 36.184 loading class sun/nio/cs/UTF_8$1
Event: 36.185 loading class sun/nio/cs/UTF_8$1 done


Dynamic libraries:
0x00007ff74e360000 - 0x00007ff74e397000 	C:\Program Files\Java\jdk1.8.0_201\bin\javaw.exe
0x00007ffd02650000 - 0x00007ffd02846000 	C:\Windows\SYSTEM32\ntdll.dll
0x00007ffd00f90000 - 0x00007ffd0104d000 	C:\Windows\System32\KERNEL32.DLL
0x00007ffcffe10000 - 0x00007ffd000d8000 	C:\Windows\System32\KERNELBASE.dll
0x0000000066b20000 - 0x0000000066bb5000 	C:\Windows\System32\SYSFER.DLL
0x00007ffd01ce0000 - 0x00007ffd01d8c000 	C:\Windows\System32\ADVAPI32.dll
0x00007ffd00960000 - 0x00007ffd009fe000 	C:\Windows\System32\msvcrt.dll
0x00007ffd01520000 - 0x00007ffd015bb000 	C:\Windows\System32\sechost.dll
0x00007ffd01770000 - 0x00007ffd01894000 	C:\Windows\System32\RPCRT4.dll
0x00007ffd01380000 - 0x00007ffd01520000 	C:\Windows\System32\USER32.dll
0x00007ffd00580000 - 0x00007ffd005a2000 	C:\Windows\System32\win32u.dll
0x00007ffd00760000 - 0x00007ffd0078a000 	C:\Windows\System32\GDI32.dll
0x00007ffd000e0000 - 0x00007ffd001e9000 	C:\Windows\System32\gdi32full.dll
0x00007ffd005b0000 - 0x00007ffd0064d000 	C:\Windows\System32\msvcp_win.dll
0x00007ffd00480000 - 0x00007ffd00580000 	C:\Windows\System32\ucrtbase.dll
0x00007ffcdeab0000 - 0x00007ffcded4b000 	C:\Windows\WinSxS\amd64_microsoft.windows.common-controls_6595b64144ccf1df_6.0.19041.488_none_ca04af081b815d21\COMCTL32.dll
0x00007ffd00930000 - 0x00007ffd00960000 	C:\Windows\System32\IMM32.DLL
0x0000000065a50000 - 0x0000000065b21000 	C:\Program Files\Java\jdk1.8.0_201\jre\bin\msvcr100.dll
0x0000000064a10000 - 0x00000000652b4000 	C:\Program Files\Java\jdk1.8.0_201\jre\bin\server\jvm.dll
0x00007ffd00920000 - 0x00007ffd00928000 	C:\Windows\System32\PSAPI.DLL
0x00007ffce9ac0000 - 0x00007ffce9ac9000 	C:\Windows\SYSTEM32\WSOCK32.dll
0x00007ffd010e0000 - 0x00007ffd0114b000 	C:\Windows\System32\WS2_32.dll
0x00007ffcddbe0000 - 0x00007ffcddc07000 	C:\Windows\SYSTEM32\WINMM.dll
0x00007ffcf60f0000 - 0x00007ffcf60fa000 	C:\Windows\SYSTEM32\VERSION.dll
0x00007ffcf6f70000 - 0x00007ffcf6f7f000 	C:\Program Files\Java\jdk1.8.0_201\jre\bin\verify.dll
0x00007ffccd350000 - 0x00007ffccd379000 	C:\Program Files\Java\jdk1.8.0_201\jre\bin\java.dll
0x00007ffcea590000 - 0x00007ffcea5a6000 	C:\Program Files\Java\jdk1.8.0_201\jre\bin\zip.dll
0x00007ffd01d90000 - 0x00007ffd024d1000 	C:\Windows\System32\SHELL32.dll
0x00007ffcfdee0000 - 0x00007ffcfe675000 	C:\Windows\SYSTEM32\windows.storage.dll
0x00007ffd01980000 - 0x00007ffd01cd5000 	C:\Windows\System32\combase.dll
0x00007ffcff730000 - 0x00007ffcff75c000 	C:\Windows\SYSTEM32\Wldp.dll
0x00007ffd00870000 - 0x00007ffd0091e000 	C:\Windows\System32\SHCORE.dll
0x00007ffd01050000 - 0x00007ffd010a5000 	C:\Windows\System32\shlwapi.dll
0x00007ffcffcc0000 - 0x00007ffcffce6000 	C:\Windows\SYSTEM32\profapi.dll
0x00007ffcea020000 - 0x00007ffcea03a000 	C:\Program Files\Java\jdk1.8.0_201\jre\bin\net.dll
0x00007ffcea790000 - 0x00007ffcea97d000 	C:\Windows\SYSTEM32\urlmon.dll
0x00007ffceb6a0000 - 0x00007ffceb950000 	C:\Windows\SYSTEM32\iertutil.dll
0x00007ffcff4b0000 - 0x00007ffcff51a000 	C:\Windows\system32\mswsock.dll
0x00007ffce4a30000 - 0x00007ffce4a41000 	C:\Program Files\Java\jdk1.8.0_201\jre\bin\nio.dll
0x00007ffcf5f30000 - 0x00007ffcf5f3d000 	C:\Program Files\Java\jdk1.8.0_201\jre\bin\management.dll
0x00007ffccc340000 - 0x00007ffccc357000 	C:\Windows\system32\napinsp.dll
0x00007ffccc360000 - 0x00007ffccc37b000 	C:\Windows\system32\pnrpnsp.dll
0x00007ffcf6360000 - 0x00007ffcf6375000 	C:\Windows\system32\wshbth.dll
0x00007ffcf55c0000 - 0x00007ffcf55dd000 	C:\Windows\system32\NLAapi.dll
0x00007ffcff1a0000 - 0x00007ffcff1db000 	C:\Windows\SYSTEM32\IPHLPAPI.DLL
0x00007ffcff1f0000 - 0x00007ffcff2bb000 	C:\Windows\SYSTEM32\DNSAPI.dll
0x00007ffd00860000 - 0x00007ffd00868000 	C:\Windows\System32\NSI.dll
0x00007ffcff680000 - 0x00007ffcff698000 	C:\Windows\SYSTEM32\CRYPTSP.dll
0x00007ffcfee40000 - 0x00007ffcfee74000 	C:\Windows\system32\rsaenh.dll
0x00007ffd00400000 - 0x00007ffd00427000 	C:\Windows\System32\bcrypt.dll
0x00007ffccc530000 - 0x00007ffccc542000 	C:\Windows\System32\winrnr.dll
0x00007ffcffc80000 - 0x00007ffcffcae000 	C:\Windows\SYSTEM32\USERENV.dll
0x00007ffcf20b0000 - 0x00007ffcf20ba000 	C:\Windows\System32\rasadhlp.dll
0x00007ffcffd90000 - 0x00007ffcffe0f000 	C:\Windows\System32\bcryptprimitives.dll
0x00007ffcff6a0000 - 0x00007ffcff6ac000 	C:\Windows\SYSTEM32\CRYPTBASE.dll
0x00007ffcf51c0000 - 0x00007ffcf523f000 	C:\Windows\System32\fwpuclnt.dll
0x00007ffcf52f0000 - 0x00007ffcf5307000 	C:\Windows\SYSTEM32\dhcpcsvc6.DLL
0x00007ffcf51a0000 - 0x00007ffcf51bd000 	C:\Windows\SYSTEM32\dhcpcsvc.DLL

VM Arguments:
jvm_args: -Dmaven.home=EMBEDDED -Dclassworlds.conf=D:\VPM\.metadata\.plugins\org.eclipse.m2e.launching\launches\m2conf3429334231047629069.tmp -Dmaven.multiModuleProjectDirectory=C:\Users\Maithili.S\git\repository\VPM-Automation_v1 -Dfile.encoding=Cp1252 
java_command: org.codehaus.plexus.classworlds.launcher.Launcher -B clean package
java_class_path (initial): D:\eclipse-jee-photon-R-win32-x86_64\eclipse\plugins\org.eclipse.m2e.maven.runtime_1.9.0.20180606-2035\jars\plexus-classworlds-2.5.2.jar
Launcher Type: SUN_STANDARD

Environment Variables:
JAVA_HOME=C:\Program Files\Java\jdk1.8.0_201
PATH=C:/Program Files/Java/jre1.8.0_201/bin/server;C:/Program Files/Java/jre1.8.0_201/bin;C:/Program Files/Java/jre1.8.0_201/lib/amd64;C:\Program Files (x86)\VMware\VMware Workstation\bin\;C:\Program Files (x86)\Common Files\Oracle\Java\javapath;C:\Windows\system32;C:\Windows;C:\Windows\System32\Wbem;C:\Windows\System32\WindowsPowerShell\v1.0\;C:\Windows\System32\OpenSSH\;C:\Program Files\Java\jdk1.8.0_201\bin;C:\Program Files\nodejs\;C:\Users\Maithili.S\AppData\Local\Microsoft\WindowsApps;C:\Users\Maithili.S\AppData\Roaming\npm;C:\adb;D:\apache-maven-3.6.3-bin\apache-maven-3.6.3\bin;C:\Users\Maithili.S\android-sdks\tools;C:\Users\Maithili.S\android-sdks\platform-tools;C:\Program Files\Git\cmd;C:\Program Files\Git\bin;D:\Automation\cmake-3.19.0-rc1-win64-x64\cmake-3.19.0-rc1-win64-x64\bin;C:\Program Files (x86)\Windows Kits\8.1\Windows Performance Toolkit\;C:\Users\Maithili.S\.windows-build-tools\python27\;C:\Users\Maithili.S\AppData\Local\Microsoft\WindowsApps;C:\Users\Maithili.S\AppData\Roaming\npm;D:\eclipse-jee-photon-R-win32-x86_64\eclipse;
USERNAME=maithili.s
OS=Windows_NT
PROCESSOR_IDENTIFIER=Intel64 Family 6 Model 142 Stepping 12, GenuineIntel



---------------  S Y S T E M  ---------------

OS: Windows 10.0 , 64 bit Build 19041 (10.0.19041.546)

CPU:total 8 (initial active 8) (4 cores per cpu, 2 threads per core) family 6 model 142 stepping 12, cmov, cx8, fxsr, mmx, sse, sse2, sse3, ssse3, sse4.1, sse4.2, popcnt, avx, avx2, aes, clmul, erms, 3dnowpref, lzcnt, ht, tsc, tscinvbit, bmi1, bmi2, adx

Memory: 4k page, physical 15982656k(3267072k free), swap 37038660k(5120k free)

vm_info: Java HotSpot(TM) 64-Bit Server VM (25.201-b09) for windows-amd64 JRE (1.8.0_201-b09), built on Dec 15 2018 18:36:39 by "java_re" with MS VC++ 10.0 (VS2010)

time: Wed Nov 18 19:56:22 2020
timezone: India Standard Time
elapsed time: 36 seconds (0d 0h 0m 36s)

