#
# There is insufficient memory for the Java Runtime Environment to continue.
# Native memory allocation (malloc) failed to allocate 32744 bytes for ChunkPool::allocate
# Possible reasons:
#   The system is out of physical RAM or swap space
#   The process is running with CompressedOops enabled, and the Java Heap may be blocking the growth of the native heap
# Possible solutions:
#   Reduce memory load on the system
#   Increase physical memory or swap space
#   Check if swap backing store is full
#   Decrease Java heap size (-Xmx/-Xms)
#   Decrease number of Java threads
#   Decrease Java thread stack sizes (-Xss)
#   Set larger code cache with -XX:ReservedCodeCacheSize=
#   JVM is running with Zero Based Compressed Oops mode in which the Java heap is
#     placed in the first 32GB address space. The Java Heap base address is the
#     maximum limit for the native heap growth. Please use -XX:HeapBaseMinAddress
#     to set the Java Heap base and to place the Java Heap above 32GB virtual address.
# This output file may be truncated or incomplete.
#
#  Out of Memory Error (allocation.cpp:273), pid=55008, tid=0x000000000000bae8
#
# JRE version: Java(TM) SE Runtime Environment (8.0_201-b09) (build 1.8.0_201-b09)
# Java VM: Java HotSpot(TM) 64-Bit Server VM (25.201-b09 mixed mode windows-amd64 compressed oops)
# Failed to write core dump. Minidumps are not enabled by default on client versions of Windows
#

---------------  T H R E A D  ---------------

Current thread (0x000000001e026800):  JavaThread "C2 CompilerThread1" daemon [_thread_in_native, id=47848, stack(0x000000001e9f0000,0x000000001eaf0000)]

Stack: [0x000000001e9f0000,0x000000001eaf0000]
[error occurred during error reporting (printing stack bounds), id 0xc0000005]

Native frames: (J=compiled Java code, j=interpreted, Vv=VM code, C=native code)


Current CompileTask:
C2:  35178 6997   !   4       java.io.BufferedReader::readLine (304 bytes)


---------------  P R O C E S S  ---------------

Java Threads: ( => current thread )
  0x0000000025312000 JavaThread "Thread-4" [_thread_in_native, id=45812, stack(0x0000000027820000,0x0000000027920000)]
  0x0000000025310800 JavaThread "Thread-3" [_thread_in_native, id=46712, stack(0x0000000027720000,0x0000000027820000)]
  0x0000000022037000 JavaThread "Thread-2" [_thread_blocked, id=54476, stack(0x0000000027620000,0x0000000027720000)]
  0x0000000021d48800 JavaThread "ThreadedStreamConsumer" daemon [_thread_blocked, id=52756, stack(0x0000000027420000,0x0000000027520000)]
  0x000000001f388000 JavaThread "ping-timer-10s" daemon [_thread_blocked, id=15248, stack(0x0000000027320000,0x0000000027420000)]
  0x0000000022081000 JavaThread "timeout-check-timer" daemon [_thread_blocked, id=55088, stack(0x0000000027220000,0x0000000027320000)]
  0x00000000217b3800 JavaThread "resolver-5" daemon [_thread_blocked, id=48244, stack(0x0000000026f20000,0x0000000027020000)]
  0x000000001ffe4800 JavaThread "resolver-4" daemon [_thread_blocked, id=45404, stack(0x0000000026e20000,0x0000000026f20000)]
  0x00000000231f4800 JavaThread "resolver-3" daemon [_thread_blocked, id=50536, stack(0x0000000026d20000,0x0000000026e20000)]
  0x000000001fb41000 JavaThread "resolver-2" daemon [_thread_blocked, id=54496, stack(0x00000000248a0000,0x00000000249a0000)]
  0x000000002543f800 JavaThread "resolver-1" daemon [_thread_blocked, id=45124, stack(0x00000000247a0000,0x00000000248a0000)]
  0x000000001e07d000 JavaThread "Service Thread" daemon [_thread_blocked, id=39024, stack(0x000000001ecf0000,0x000000001edf0000)]
  0x000000001e037800 JavaThread "C1 CompilerThread3" daemon [_thread_blocked, id=53492, stack(0x000000001ebf0000,0x000000001ecf0000)]
  0x000000001e033800 JavaThread "C2 CompilerThread2" daemon [_thread_blocked, id=47160, stack(0x000000001eaf0000,0x000000001ebf0000)]
=>0x000000001e026800 JavaThread "C2 CompilerThread1" daemon [_thread_in_native, id=47848, stack(0x000000001e9f0000,0x000000001eaf0000)]
  0x000000001e023800 JavaThread "C2 CompilerThread0" daemon [_thread_blocked, id=11760, stack(0x000000001e8f0000,0x000000001e9f0000)]
  0x000000001e021000 JavaThread "Attach Listener" daemon [_thread_blocked, id=37800, stack(0x000000001e7f0000,0x000000001e8f0000)]
  0x000000001e020000 JavaThread "Signal Dispatcher" daemon [_thread_blocked, id=33088, stack(0x000000001e6f0000,0x000000001e7f0000)]
  0x000000001e011000 JavaThread "Finalizer" daemon [_thread_blocked, id=45440, stack(0x000000001e4f0000,0x000000001e5f0000)]
  0x000000001e010800 JavaThread "Reference Handler" daemon [_thread_blocked, id=38448, stack(0x000000001e3f0000,0x000000001e4f0000)]
  0x0000000002cf2800 JavaThread "main" [_thread_in_native, id=50400, stack(0x0000000002b20000,0x0000000002c20000)]

Other Threads:
  0x000000001c20a000 VMThread [stack: 0x000000001def0000,0x000000001dff0000] [id=54336]
  0x000000001e07e800 WatcherThread [stack: 0x000000001edf0000,0x000000001eef0000] [id=54948]

VM state:not at safepoint (normal execution)

VM Mutex/Monitor currently owned by a thread: None

heap address: 0x00000006cc000000, size: 3904 MB, Compressed Oops mode: Zero based, Oop shift amount: 3
Narrow klass base: 0x0000000000000000, Narrow klass shift: 3
Compressed class space size: 1073741824 Address: 0x00000007c0000000

Heap:
 PSYoungGen      total 230400K, used 20220K [0x000000076eb00000, 0x0000000780c00000, 0x00000007c0000000)
  eden space 224256K, 6% used [0x000000076eb00000,0x000000076f8c3af0,0x000000077c600000)
  from space 6144K, 99% used [0x000000077ea80000,0x000000077f07b570,0x000000077f080000)
  to   space 35840K, 0% used [0x000000077c600000,0x000000077c600000,0x000000077e900000)
 ParOldGen       total 136192K, used 60672K [0x00000006cc000000, 0x00000006d4500000, 0x000000076eb00000)
  object space 136192K, 44% used [0x00000006cc000000,0x00000006cfb40018,0x00000006d4500000)
 Metaspace       used 28289K, capacity 28936K, committed 29232K, reserved 1075200K
  class space    used 3165K, capacity 3346K, committed 3376K, reserved 1048576K

Card table byte_map: [0x00000000121b0000,0x0000000012960000] byte_map_base: 0x000000000eb50000

Marking Bits: (ParMarkBitMap*) 0x0000000065234ce0
 Begin Bits: [0x0000000013680000, 0x0000000017380000)
 End Bits:   [0x0000000017380000, 0x000000001b080000)

Polling page: 0x00000000012c0000

CodeCache: size=245760Kb used=22483Kb max_used=23566Kb free=223276Kb
 bounds [0x0000000002df0000, 0x0000000004590000, 0x0000000011df0000]
 total_blobs=6172 nmethods=5721 adapters=362
 compilation: enabled

Compilation events (10 events):
Event: 35.160 Thread 0x000000001e037800 7048       3       java.util.Calendar::internalGet (7 bytes)
Event: 35.161 Thread 0x000000001e037800 nmethod 7048 0x000000000417c090 code [0x000000000417c1e0, 0x000000000417c350]
Event: 35.161 Thread 0x000000001e023800 7049       4       java.lang.StringBuilder::append (6 bytes)
Event: 35.162 Thread 0x000000001e023800 nmethod 7049 0x00000000036ec050 code [0x00000000036ec1a0, 0x00000000036ec228]
Event: 35.162 Thread 0x000000001e037800 7050       1       sun.util.calendar.CalendarDate::getYear (5 bytes)
Event: 35.162 Thread 0x000000001e037800 nmethod 7050 0x0000000003f27f50 code [0x0000000003f280a0, 0x0000000003f281b0]
Event: 35.166 Thread 0x000000001e037800 7051       1       java.util.Calendar::getFirstDayOfWeek (5 bytes)
Event: 35.166 Thread 0x000000001e037800 nmethod 7051 0x00000000041966d0 code [0x0000000004196820, 0x0000000004196930]
Event: 35.166 Thread 0x000000001e037800 7052       1       java.util.Calendar::getMinimalDaysInFirstWeek (5 bytes)
Event: 35.166 Thread 0x000000001e037800 nmethod 7052 0x00000000041d0990 code [0x00000000041d0ae0, 0x00000000041d0bf0]

GC Heap History (10 events):
Event: 3.502 GC heap before
{Heap before GC invocations=5 (full 0):
 PSYoungGen      total 135168K, used 99850K [0x000000076eb00000, 0x0000000777900000, 0x00000007c0000000)
  eden space 124928K, 71% used [0x000000076eb00000,0x000000077428a888,0x0000000776500000)
  from space 10240K, 99% used [0x0000000776f00000,0x00000007778f8040,0x0000000777900000)
  to   space 10240K, 0% used [0x0000000776500000,0x0000000776500000,0x0000000776f00000)
 ParOldGen       total 166912K, used 3840K [0x00000006cc000000, 0x00000006d6300000, 0x000000076eb00000)
  object space 166912K, 2% used [0x00000006cc000000,0x00000006cc3c00d0,0x00000006d6300000)
 Metaspace       used 20830K, capacity 21278K, committed 21296K, reserved 1069056K
  class space    used 2494K, capacity 2591K, committed 2608K, reserved 1048576K
Event: 3.519 GC heap after
Heap after GC invocations=5 (full 0):
 PSYoungGen      total 135168K, used 10212K [0x000000076eb00000, 0x0000000780100000, 0x00000007c0000000)
  eden space 124928K, 0% used [0x000000076eb00000,0x000000076eb00000,0x0000000776500000)
  from space 10240K, 99% used [0x0000000776500000,0x0000000776ef9060,0x0000000776f00000)
  to   space 17408K, 0% used [0x000000077f000000,0x000000077f000000,0x0000000780100000)
 ParOldGen       total 166912K, used 10727K [0x00000006cc000000, 0x00000006d6300000, 0x000000076eb00000)
  object space 166912K, 6% used [0x00000006cc000000,0x00000006cca79db8,0x00000006d6300000)
 Metaspace       used 20830K, capacity 21278K, committed 21296K, reserved 1069056K
  class space    used 2494K, capacity 2591K, committed 2608K, reserved 1048576K
}
Event: 3.519 GC heap before
{Heap before GC invocations=6 (full 1):
 PSYoungGen      total 135168K, used 10212K [0x000000076eb00000, 0x0000000780100000, 0x00000007c0000000)
  eden space 124928K, 0% used [0x000000076eb00000,0x000000076eb00000,0x0000000776500000)
  from space 10240K, 99% used [0x0000000776500000,0x0000000776ef9060,0x0000000776f00000)
  to   space 17408K, 0% used [0x000000077f000000,0x000000077f000000,0x0000000780100000)
 ParOldGen       total 166912K, used 10727K [0x00000006cc000000, 0x00000006d6300000, 0x000000076eb00000)
  object space 166912K, 6% used [0x00000006cc000000,0x00000006cca79db8,0x00000006d6300000)
 Metaspace       used 20830K, capacity 21278K, committed 21296K, reserved 1069056K
  class space    used 2494K, capacity 2591K, committed 2608K, reserved 1048576K
Event: 3.662 GC heap after
Heap after GC invocations=6 (full 1):
 PSYoungGen      total 135168K, used 0K [0x000000076eb00000, 0x0000000780100000, 0x00000007c0000000)
  eden space 124928K, 0% used [0x000000076eb00000,0x000000076eb00000,0x0000000776500000)
  from space 10240K, 0% used [0x0000000776500000,0x0000000776500000,0x0000000776f00000)
  to   space 17408K, 0% used [0x000000077f000000,0x000000077f000000,0x0000000780100000)
 ParOldGen       total 136192K, used 20015K [0x00000006cc000000, 0x00000006d4500000, 0x000000076eb00000)
  object space 136192K, 14% used [0x00000006cc000000,0x00000006cd38bce8,0x00000006d4500000)
 Metaspace       used 20830K, capacity 21278K, committed 21296K, reserved 1069056K
  class space    used 2494K, capacity 2591K, committed 2608K, reserved 1048576K
}
Event: 5.172 GC heap before
{Heap before GC invocations=7 (full 1):
 PSYoungGen      total 135168K, used 124928K [0x000000076eb00000, 0x0000000780100000, 0x00000007c0000000)
  eden space 124928K, 100% used [0x000000076eb00000,0x0000000776500000,0x0000000776500000)
  from space 10240K, 0% used [0x0000000776500000,0x0000000776500000,0x0000000776f00000)
  to   space 17408K, 0% used [0x000000077f000000,0x000000077f000000,0x0000000780100000)
 ParOldGen       total 136192K, used 20015K [0x00000006cc000000, 0x00000006d4500000, 0x000000076eb00000)
  object space 136192K, 14% used [0x00000006cc000000,0x00000006cd38bce8,0x00000006d4500000)
 Metaspace       used 23584K, capacity 24136K, committed 24368K, reserved 1071104K
  class space    used 2732K, capacity 2860K, committed 2864K, reserved 1048576K
Event: 5.183 GC heap after
Heap after GC invocations=7 (full 1):
 PSYoungGen      total 171008K, used 17380K [0x000000076eb00000, 0x0000000780100000, 0x00000007c0000000)
  eden space 153600K, 0% used [0x000000076eb00000,0x000000076eb00000,0x0000000778100000)
  from space 17408K, 99% used [0x000000077f000000,0x00000007800f9230,0x0000000780100000)
  to   space 23040K, 0% used [0x000000077d400000,0x000000077d400000,0x000000077ea80000)
 ParOldGen       total 136192K, used 26465K [0x00000006cc000000, 0x00000006d4500000, 0x000000076eb00000)
  object space 136192K, 19% used [0x00000006cc000000,0x00000006cd9d85e0,0x00000006d4500000)
 Metaspace       used 23584K, capacity 24136K, committed 24368K, reserved 1071104K
  class space    used 2732K, capacity 2860K, committed 2864K, reserved 1048576K
}
Event: 6.504 GC heap before
{Heap before GC invocations=8 (full 1):
 PSYoungGen      total 171008K, used 170980K [0x000000076eb00000, 0x0000000780100000, 0x00000007c0000000)
  eden space 153600K, 100% used [0x000000076eb00000,0x0000000778100000,0x0000000778100000)
  from space 17408K, 99% used [0x000000077f000000,0x00000007800f9230,0x0000000780100000)
  to   space 23040K, 0% used [0x000000077d400000,0x000000077d400000,0x000000077ea80000)
 ParOldGen       total 136192K, used 26465K [0x00000006cc000000, 0x00000006d4500000, 0x000000076eb00000)
  object space 136192K, 19% used [0x00000006cc000000,0x00000006cd9d85e0,0x00000006d4500000)
 Metaspace       used 23891K, capacity 24458K, committed 24624K, reserved 1071104K
  class space    used 2734K, capacity 2862K, committed 2864K, reserved 1048576K
Event: 6.521 GC heap after
Heap after GC invocations=8 (full 1):
 PSYoungGen      total 211968K, used 23038K [0x000000076eb00000, 0x000000077f080000, 0x00000007c0000000)
  eden space 188928K, 0% used [0x000000076eb00000,0x000000076eb00000,0x000000077a380000)
  from space 23040K, 99% used [0x000000077d400000,0x000000077ea7fa10,0x000000077ea80000)
  to   space 6144K, 0% used [0x000000077ea80000,0x000000077ea80000,0x000000077f080000)
 ParOldGen       total 136192K, used 34095K [0x00000006cc000000, 0x00000006d4500000, 0x000000076eb00000)
  object space 136192K, 25% used [0x00000006cc000000,0x00000006ce14bf50,0x00000006d4500000)
 Metaspace       used 23891K, capacity 24458K, committed 24624K, reserved 1071104K
  class space    used 2734K, capacity 2862K, committed 2864K, reserved 1048576K
}
Event: 34.955 GC heap before
{Heap before GC invocations=9 (full 1):
 PSYoungGen      total 211968K, used 211966K [0x000000076eb00000, 0x000000077f080000, 0x00000007c0000000)
  eden space 188928K, 100% used [0x000000076eb00000,0x000000077a380000,0x000000077a380000)
  from space 23040K, 99% used [0x000000077d400000,0x000000077ea7fa10,0x000000077ea80000)
  to   space 6144K, 0% used [0x000000077ea80000,0x000000077ea80000,0x000000077f080000)
 ParOldGen       total 136192K, used 34095K [0x00000006cc000000, 0x00000006d4500000, 0x000000076eb00000)
  object space 136192K, 25% used [0x00000006cc000000,0x00000006ce14bf50,0x00000006d4500000)
 Metaspace       used 28281K, capacity 28936K, committed 29232K, reserved 1075200K
  class space    used 3164K, capacity 3346K, committed 3376K, reserved 1048576K
Event: 34.998 GC heap after
Heap after GC invocations=9 (full 1):
 PSYoungGen      total 230400K, used 6125K [0x000000076eb00000, 0x0000000780c00000, 0x00000007c0000000)
  eden space 224256K, 0% used [0x000000076eb00000,0x000000076eb00000,0x000000077c600000)
  from space 6144K, 99% used [0x000000077ea80000,0x000000077f07b570,0x000000077f080000)
  to   space 35840K, 0% used [0x000000077c600000,0x000000077c600000,0x000000077e900000)
 ParOldGen       total 136192K, used 60672K [0x00000006cc000000, 0x00000006d4500000, 0x000000076eb00000)
  object space 136192K, 44% used [0x00000006cc000000,0x00000006cfb40018,0x00000006d4500000)
 Metaspace       used 28281K, capacity 28936K, committed 29232K, reserved 1075200K
  class space    used 3164K, capacity 3346K, committed 3376K, reserved 1048576K
}

Deoptimization events (10 events):
Event: 7.842 Thread 0x0000000002cf2800 Uncommon trap: reason=unstable_if action=reinterpret pc=0x0000000003635fc0 method=org.eclipse.sisu.plexus.RealmFilteredBeans$FilteredItr.next()Lorg/eclipse/sisu/BeanEntry; @ 4
Event: 7.869 Thread 0x0000000002cf2800 Uncommon trap: reason=unstable_if action=reinterpret pc=0x00000000037d70e8 method=java.util.concurrent.ConcurrentHashMap.replaceNode(Ljava/lang/Object;Ljava/lang/Object;Ljava/lang/Object;)Ljava/lang/Object; @ 393
Event: 7.992 Thread 0x0000000002cf2800 Uncommon trap: reason=unstable_if action=reinterpret pc=0x0000000003333c64 method=java.util.concurrent.ConcurrentHashMap.putVal(Ljava/lang/Object;Ljava/lang/Object;Z)Ljava/lang/Object; @ 113
Event: 8.046 Thread 0x0000000002cf2800 Uncommon trap: reason=class_check action=maybe_recompile pc=0x0000000003b670ec method=java.util.regex.Pattern$Branch.match(Ljava/util/regex/Matcher;ILjava/lang/CharSequence;)Z @ 50
Event: 8.046 Thread 0x0000000002cf2800 Uncommon trap: reason=class_check action=maybe_recompile pc=0x0000000003b670ec method=java.util.regex.Pattern$Branch.match(Ljava/util/regex/Matcher;ILjava/lang/CharSequence;)Z @ 50
Event: 8.046 Thread 0x0000000002cf2800 Uncommon trap: reason=class_check action=maybe_recompile pc=0x0000000003b670ec method=java.util.regex.Pattern$Branch.match(Ljava/util/regex/Matcher;ILjava/lang/CharSequence;)Z @ 50
Event: 8.046 Thread 0x0000000002cf2800 Uncommon trap: reason=class_check action=maybe_recompile pc=0x0000000003b670ec method=java.util.regex.Pattern$Branch.match(Ljava/util/regex/Matcher;ILjava/lang/CharSequence;)Z @ 50
Event: 8.079 Thread 0x0000000002cf2800 Uncommon trap: reason=unstable_if action=reinterpret pc=0x000000000396f3f8 method=org.apache.maven.surefire.shade.common.org.apache.commons.compress.archivers.zip.StreamCompressor.deflate()V @ 19
Event: 8.091 Thread 0x0000000002cf2800 Uncommon trap: reason=class_check action=maybe_recompile pc=0x0000000003b090ac method=java.util.Collections$UnmodifiableMap$UnmodifiableEntrySet$1.<init>(Ljava/util/Collections$UnmodifiableMap$UnmodifiableEntrySet;)V @ 17
Event: 35.060 Thread 0x0000000021d48800 Uncommon trap: reason=unstable_if action=reinterpret pc=0x0000000003db94b8 method=java.util.concurrent.locks.ReentrantLock$Sync.nonfairTryAcquire(I)Z @ 19

Classes redefined (0 events):
No events

Internal exceptions (10 events):
Event: 7.525 Thread 0x0000000002cf2800 Exception <a 'java/lang/NoClassDefFoundError': org/sonatype/aether/installation/InstallationException> (0x0000000773d5e608) thrown at [C:\re\workspace\8-2-build-windows-amd64-cygwin\jdk8u201\12322\hotspot\src\share\vm\classfile\systemDictionary.cpp, line 
Event: 7.526 Thread 0x0000000002cf2800 Exception <a 'java/lang/NoClassDefFoundError': org/sonatype/aether/artifact/ArtifactType> (0x0000000773d70f78) thrown at [C:\re\workspace\8-2-build-windows-amd64-cygwin\jdk8u201\12322\hotspot\src\share\vm\classfile\systemDictionary.cpp, line 199]
Event: 7.527 Thread 0x0000000002cf2800 Exception <a 'java/lang/NoClassDefFoundError': org/sonatype/aether/metadata/Metadata> (0x0000000773d85018) thrown at [C:\re\workspace\8-2-build-windows-amd64-cygwin\jdk8u201\12322\hotspot\src\share\vm\classfile\systemDictionary.cpp, line 199]
Event: 7.528 Thread 0x0000000002cf2800 Exception <a 'java/lang/NoClassDefFoundError': org/sonatype/aether/collection/DependencyCollectionException> (0x0000000773d96438) thrown at [C:\re\workspace\8-2-build-windows-amd64-cygwin\jdk8u201\12322\hotspot\src\share\vm\classfile\systemDictionary.cpp,
Event: 7.530 Thread 0x0000000002cf2800 Exception <a 'java/lang/NoClassDefFoundError': org/sonatype/aether/deployment/DeploymentException> (0x0000000773ddbdb8) thrown at [C:\re\workspace\8-2-build-windows-amd64-cygwin\jdk8u201\12322\hotspot\src\share\vm\classfile\systemDictionary.cpp, line 199]
Event: 7.531 Thread 0x0000000002cf2800 Exception <a 'java/lang/NoClassDefFoundError': org/sonatype/aether/resolution/ArtifactDescriptorException> (0x0000000773de9e50) thrown at [C:\re\workspace\8-2-build-windows-amd64-cygwin\jdk8u201\12322\hotspot\src\share\vm\classfile\systemDictionary.cpp, l
Event: 7.573 Thread 0x0000000002cf2800 Implicit null exception at 0x0000000003551ba1 to 0x0000000003551c19
Event: 7.574 Thread 0x0000000002cf2800 Implicit null exception at 0x00000000035491b0 to 0x0000000003549209
Event: 7.786 Thread 0x0000000002cf2800 Implicit null exception at 0x0000000003021883 to 0x0000000003021acd
Event: 8.047 Thread 0x0000000002cf2800 Exception <a 'sun/nio/fs/WindowsException'> (0x0000000778e320c8) thrown at [C:\re\workspace\8-2-build-windows-amd64-cygwin\jdk8u201\12322\hotspot\src\share\vm\prims\jni.cpp, line 709]

Events (10 events):
Event: 34.998 Executing VM operation: ParallelGCFailedAllocation done
Event: 35.059 Thread 0x0000000021d48800 Uncommon trap: trap_request=0xffffff65 fr.pc=0x0000000003db94b8
Event: 35.060 Thread 0x0000000021d48800 DEOPT PACKING pc=0x0000000003db94b8 sp=0x000000002751ee50
Event: 35.060 Thread 0x0000000021d48800 DEOPT UNPACKING pc=0x0000000002e3583b sp=0x000000002751edd0 mode 2
Event: 35.150 loading class org/apache/maven/plugin/surefire/booterclient/output/InPluginProcessDumpSingleton
Event: 35.150 loading class org/apache/maven/plugin/surefire/booterclient/output/InPluginProcessDumpSingleton done
Event: 35.150 loading class org/apache/maven/plugin/surefire/booterclient/output/InPluginProcessDumpSingleton
Event: 35.150 loading class org/apache/maven/plugin/surefire/booterclient/output/InPluginProcessDumpSingleton done
Event: 35.150 loading class org/apache/maven/plugin/surefire/booterclient/output/InPluginProcessDumpSingleton
Event: 35.150 loading class org/apache/maven/plugin/surefire/booterclient/output/InPluginProcessDumpSingleton done


Dynamic libraries:
0x00007ff74e360000 - 0x00007ff74e397000 	C:\Program Files\Java\jdk1.8.0_201\bin\javaw.exe
0x00007ffd02650000 - 0x00007ffd02846000 	C:\Windows\SYSTEM32\ntdll.dll
0x00007ffd00f90000 - 0x00007ffd0104d000 	C:\Windows\System32\KERNEL32.DLL
0x00007ffcffe10000 - 0x00007ffd000d8000 	C:\Windows\System32\KERNELBASE.dll
0x0000000066b20000 - 0x0000000066bb5000 	C:\Windows\System32\SYSFER.DLL
0x00007ffd01ce0000 - 0x00007ffd01d8c000 	C:\Windows\System32\ADVAPI32.dll
0x00007ffd00960000 - 0x00007ffd009fe000 	C:\Windows\System32\msvcrt.dll
0x00007ffd01520000 - 0x00007ffd015bb000 	C:\Windows\System32\sechost.dll
0x00007ffd01770000 - 0x00007ffd01894000 	C:\Windows\System32\RPCRT4.dll
0x00007ffd01380000 - 0x00007ffd01520000 	C:\Windows\System32\USER32.dll
0x00007ffd00580000 - 0x00007ffd005a2000 	C:\Windows\System32\win32u.dll
0x00007ffd00760000 - 0x00007ffd0078a000 	C:\Windows\System32\GDI32.dll
0x00007ffd000e0000 - 0x00007ffd001e9000 	C:\Windows\System32\gdi32full.dll
0x00007ffd005b0000 - 0x00007ffd0064d000 	C:\Windows\System32\msvcp_win.dll
0x00007ffd00480000 - 0x00007ffd00580000 	C:\Windows\System32\ucrtbase.dll
0x00007ffcdeab0000 - 0x00007ffcded4b000 	C:\Windows\WinSxS\amd64_microsoft.windows.common-controls_6595b64144ccf1df_6.0.19041.488_none_ca04af081b815d21\COMCTL32.dll
0x00007ffd00930000 - 0x00007ffd00960000 	C:\Windows\System32\IMM32.DLL
0x0000000065a50000 - 0x0000000065b21000 	C:\Program Files\Java\jdk1.8.0_201\jre\bin\msvcr100.dll
0x0000000064a10000 - 0x00000000652b4000 	C:\Program Files\Java\jdk1.8.0_201\jre\bin\server\jvm.dll
0x00007ffd00920000 - 0x00007ffd00928000 	C:\Windows\System32\PSAPI.DLL
0x00007ffce9ac0000 - 0x00007ffce9ac9000 	C:\Windows\SYSTEM32\WSOCK32.dll
0x00007ffd010e0000 - 0x00007ffd0114b000 	C:\Windows\System32\WS2_32.dll
0x00007ffcddbe0000 - 0x00007ffcddc07000 	C:\Windows\SYSTEM32\WINMM.dll
0x00007ffcf60f0000 - 0x00007ffcf60fa000 	C:\Windows\SYSTEM32\VERSION.dll
0x00007ffcf5f30000 - 0x00007ffcf5f3f000 	C:\Program Files\Java\jdk1.8.0_201\jre\bin\verify.dll
0x00007ffcc7960000 - 0x00007ffcc7989000 	C:\Program Files\Java\jdk1.8.0_201\jre\bin\java.dll
0x00007ffce4a30000 - 0x00007ffce4a46000 	C:\Program Files\Java\jdk1.8.0_201\jre\bin\zip.dll
0x00007ffd01d90000 - 0x00007ffd024d1000 	C:\Windows\System32\SHELL32.dll
0x00007ffcfdee0000 - 0x00007ffcfe675000 	C:\Windows\SYSTEM32\windows.storage.dll
0x00007ffd01980000 - 0x00007ffd01cd5000 	C:\Windows\System32\combase.dll
0x00007ffcff730000 - 0x00007ffcff75c000 	C:\Windows\SYSTEM32\Wldp.dll
0x00007ffd00870000 - 0x00007ffd0091e000 	C:\Windows\System32\SHCORE.dll
0x00007ffd01050000 - 0x00007ffd010a5000 	C:\Windows\System32\shlwapi.dll
0x00007ffcffcc0000 - 0x00007ffcffce6000 	C:\Windows\SYSTEM32\profapi.dll
0x00007ffcd2aa0000 - 0x00007ffcd2aba000 	C:\Program Files\Java\jdk1.8.0_201\jre\bin\net.dll
0x00007ffcea790000 - 0x00007ffcea97d000 	C:\Windows\SYSTEM32\urlmon.dll
0x00007ffceb6a0000 - 0x00007ffceb950000 	C:\Windows\SYSTEM32\iertutil.dll
0x00007ffcff4b0000 - 0x00007ffcff51a000 	C:\Windows\system32\mswsock.dll
0x00007ffcd0680000 - 0x00007ffcd0691000 	C:\Program Files\Java\jdk1.8.0_201\jre\bin\nio.dll
0x00007ffcf57f0000 - 0x00007ffcf57fd000 	C:\Program Files\Java\jdk1.8.0_201\jre\bin\management.dll
0x00007ffccc340000 - 0x00007ffccc357000 	C:\Windows\system32\napinsp.dll
0x00007ffccc360000 - 0x00007ffccc37b000 	C:\Windows\system32\pnrpnsp.dll
0x00007ffcf6360000 - 0x00007ffcf6375000 	C:\Windows\system32\wshbth.dll
0x00007ffcf55c0000 - 0x00007ffcf55dd000 	C:\Windows\system32\NLAapi.dll
0x00007ffcff1a0000 - 0x00007ffcff1db000 	C:\Windows\SYSTEM32\IPHLPAPI.DLL
0x00007ffcff1f0000 - 0x00007ffcff2bb000 	C:\Windows\SYSTEM32\DNSAPI.dll
0x00007ffd00860000 - 0x00007ffd00868000 	C:\Windows\System32\NSI.dll
0x00007ffccc530000 - 0x00007ffccc542000 	C:\Windows\System32\winrnr.dll
0x00007ffcf20b0000 - 0x00007ffcf20ba000 	C:\Windows\System32\rasadhlp.dll
0x00007ffcf51c0000 - 0x00007ffcf523f000 	C:\Windows\System32\fwpuclnt.dll
0x00007ffd00400000 - 0x00007ffd00427000 	C:\Windows\System32\bcrypt.dll
0x00007ffcff680000 - 0x00007ffcff698000 	C:\Windows\SYSTEM32\CRYPTSP.dll
0x00007ffcfee40000 - 0x00007ffcfee74000 	C:\Windows\system32\rsaenh.dll
0x00007ffcffc80000 - 0x00007ffcffcae000 	C:\Windows\SYSTEM32\USERENV.dll
0x00007ffcffd90000 - 0x00007ffcffe0f000 	C:\Windows\System32\bcryptprimitives.dll
0x00007ffcff6a0000 - 0x00007ffcff6ac000 	C:\Windows\SYSTEM32\CRYPTBASE.dll
0x00007ffcf52f0000 - 0x00007ffcf5307000 	C:\Windows\SYSTEM32\dhcpcsvc6.DLL
0x00007ffcf51a0000 - 0x00007ffcf51bd000 	C:\Windows\SYSTEM32\dhcpcsvc.DLL

VM Arguments:
jvm_args: -Dmaven.home=EMBEDDED -Dclassworlds.conf=D:\VPM\.metadata\.plugins\org.eclipse.m2e.launching\launches\m2conf1005356929301388204.tmp -Dmaven.multiModuleProjectDirectory=C:\Users\Maithili.S\git\repository\VPM-Automation_v1 -Dfile.encoding=Cp1252 
java_command: org.codehaus.plexus.classworlds.launcher.Launcher -B clean package
java_class_path (initial): D:\eclipse-jee-photon-R-win32-x86_64\eclipse\plugins\org.eclipse.m2e.maven.runtime_1.9.0.20180606-2035\jars\plexus-classworlds-2.5.2.jar
Launcher Type: SUN_STANDARD

Environment Variables:
JAVA_HOME=C:\Program Files\Java\jdk1.8.0_201
PATH=C:/Program Files/Java/jre1.8.0_201/bin/server;C:/Program Files/Java/jre1.8.0_201/bin;C:/Program Files/Java/jre1.8.0_201/lib/amd64;C:\Program Files (x86)\VMware\VMware Workstation\bin\;C:\Program Files (x86)\Common Files\Oracle\Java\javapath;C:\Windows\system32;C:\Windows;C:\Windows\System32\Wbem;C:\Windows\System32\WindowsPowerShell\v1.0\;C:\Windows\System32\OpenSSH\;C:\Program Files\Java\jdk1.8.0_201\bin;C:\Program Files\nodejs\;C:\Users\Maithili.S\AppData\Local\Microsoft\WindowsApps;C:\Users\Maithili.S\AppData\Roaming\npm;C:\adb;D:\apache-maven-3.6.3-bin\apache-maven-3.6.3\bin;C:\Users\Maithili.S\android-sdks\tools;C:\Users\Maithili.S\android-sdks\platform-tools;C:\Program Files\Git\cmd;C:\Program Files\Git\bin;D:\Automation\cmake-3.19.0-rc1-win64-x64\cmake-3.19.0-rc1-win64-x64\bin;C:\Program Files (x86)\Windows Kits\8.1\Windows Performance Toolkit\;C:\Users\Maithili.S\.windows-build-tools\python27\;C:\Users\Maithili.S\AppData\Local\Microsoft\WindowsApps;C:\Users\Maithili.S\AppData\Roaming\npm;D:\eclipse-jee-photon-R-win32-x86_64\eclipse;
USERNAME=maithili.s
OS=Windows_NT
PROCESSOR_IDENTIFIER=Intel64 Family 6 Model 142 Stepping 12, GenuineIntel



---------------  S Y S T E M  ---------------

OS: Windows 10.0 , 64 bit Build 19041 (10.0.19041.546)

CPU:total 8 (initial active 8) (4 cores per cpu, 2 threads per core) family 6 model 142 stepping 12, cmov, cx8, fxsr, mmx, sse, sse2, sse3, ssse3, sse4.1, sse4.2, popcnt, avx, avx2, aes, clmul, erms, 3dnowpref, lzcnt, ht, tsc, tscinvbit, bmi1, bmi2, adx

Memory: 4k page, physical 15982656k(3121792k free), swap 37038660k(2660k free)

vm_info: Java HotSpot(TM) 64-Bit Server VM (25.201-b09) for windows-amd64 JRE (1.8.0_201-b09), built on Dec 15 2018 18:36:39 by "java_re" with MS VC++ 10.0 (VS2010)

time: Wed Nov 18 19:54:19 2020
timezone: India Standard Time
elapsed time: 35 seconds (0d 0h 0m 35s)

