#
# There is insufficient memory for the Java Runtime Environment to continue.
# Native memory allocation (malloc) failed to allocate 32744 bytes for ChunkPool::allocate
# Possible reasons:
#   The system is out of physical RAM or swap space
#   The process is running with CompressedOops enabled, and the Java Heap may be blocking the growth of the native heap
# Possible solutions:
#   Reduce memory load on the system
#   Increase physical memory or swap space
#   Check if swap backing store is full
#   Decrease Java heap size (-Xmx/-Xms)
#   Decrease number of Java threads
#   Decrease Java thread stack sizes (-Xss)
#   Set larger code cache with -XX:ReservedCodeCacheSize=
#   JVM is running with Zero Based Compressed Oops mode in which the Java heap is
#     placed in the first 32GB address space. The Java Heap base address is the
#     maximum limit for the native heap growth. Please use -XX:HeapBaseMinAddress
#     to set the Java Heap base and to place the Java Heap above 32GB virtual address.
# This output file may be truncated or incomplete.
#
#  Out of Memory Error (allocation.cpp:273), pid=41724, tid=0x0000000000005184
#
# JRE version: Java(TM) SE Runtime Environment (8.0_201-b09) (build 1.8.0_201-b09)
# Java VM: Java HotSpot(TM) 64-Bit Server VM (25.201-b09 mixed mode windows-amd64 compressed oops)
# Failed to write core dump. Minidumps are not enabled by default on client versions of Windows
#

---------------  T H R E A D  ---------------

Current thread (0x000000001e495000):  JavaThread "C2 CompilerThread1" daemon [_thread_in_native, id=20868, stack(0x000000001ee60000,0x000000001ef60000)]

Stack: [0x000000001ee60000,0x000000001ef60000]
[error occurred during error reporting (printing stack bounds), id 0xc0000005]

Native frames: (J=compiled Java code, j=interpreted, Vv=VM code, C=native code)


Current CompileTask:
C2:  26980 3274  s!   4       sun.misc.URLClassPath::getLoader (243 bytes)


---------------  P R O C E S S  ---------------

Java Threads: ( => current thread )
  0x0000000021571800 JavaThread "Keep-Alive-Timer" daemon [_thread_blocked, id=53424, stack(0x0000000023380000,0x0000000023480000)]
  0x00000000201fb000 JavaThread "Exec Stream Pumper" daemon [_thread_in_native, id=52476, stack(0x0000000023280000,0x0000000023380000)]
  0x0000000020ae3800 JavaThread "Exec Stream Pumper" daemon [_thread_in_native, id=47296, stack(0x0000000023180000,0x0000000023280000)]
  0x0000000021953800 JavaThread "UrlChecker-2" daemon [_thread_blocked, id=52312, stack(0x0000000022f80000,0x0000000023080000)]
  0x000000001fee3000 JavaThread "Exec Default Executor" daemon [_thread_in_native, id=52656, stack(0x0000000022e80000,0x0000000022f80000)]
  0x000000001e66b000 JavaThread "surefire-forkedjvm-command-thread" daemon [_thread_in_native, id=50140, stack(0x000000001f360000,0x000000001f460000)]
  0x000000001e51f800 JavaThread "Service Thread" daemon [_thread_blocked, id=53684, stack(0x000000001f160000,0x000000001f260000)]
  0x000000001e49c000 JavaThread "C1 CompilerThread3" daemon [_thread_in_native, id=32844, stack(0x000000001f060000,0x000000001f160000)]
  0x000000001e498000 JavaThread "C2 CompilerThread2" daemon [_thread_in_native, id=54552, stack(0x000000001ef60000,0x000000001f060000)]
=>0x000000001e495000 JavaThread "C2 CompilerThread1" daemon [_thread_in_native, id=20868, stack(0x000000001ee60000,0x000000001ef60000)]
  0x000000001e491000 JavaThread "C2 CompilerThread0" daemon [_thread_blocked, id=46128, stack(0x000000001ed60000,0x000000001ee60000)]
  0x000000001e48f000 JavaThread "Attach Listener" daemon [_thread_blocked, id=39124, stack(0x000000001ec60000,0x000000001ed60000)]
  0x000000001e48e000 JavaThread "Signal Dispatcher" daemon [_thread_blocked, id=49484, stack(0x000000001eb60000,0x000000001ec60000)]
  0x0000000003259000 JavaThread "Finalizer" daemon [_thread_blocked, id=54212, stack(0x000000001e960000,0x000000001ea60000)]
  0x000000001c67d000 JavaThread "Reference Handler" daemon [_thread_blocked, id=51024, stack(0x000000001e860000,0x000000001e960000)]
  0x0000000003162800 JavaThread "main" [_thread_in_vm, id=54696, stack(0x0000000002fa0000,0x00000000030a0000)]

Other Threads:
  0x000000001c678800 VMThread [stack: 0x000000001e360000,0x000000001e460000] [id=49012]
  0x000000001e53a000 WatcherThread [stack: 0x000000001f260000,0x000000001f360000] [id=48184]

VM state:not at safepoint (normal execution)

VM Mutex/Monitor currently owned by a thread: None

heap address: 0x00000006cc000000, size: 3904 MB, Compressed Oops mode: Zero based, Oop shift amount: 3
Narrow klass base: 0x0000000000000000, Narrow klass shift: 3
Compressed class space size: 1073741824 Address: 0x00000007c0000000

Heap:
 PSYoungGen      total 72704K, used 47812K [0x000000076eb00000, 0x0000000773c00000, 0x00000007c0000000)
  eden space 62464K, 76% used [0x000000076eb00000,0x00000007719b1290,0x0000000772800000)
  from space 10240K, 0% used [0x0000000772800000,0x0000000772800000,0x0000000773200000)
  to   space 10240K, 0% used [0x0000000773200000,0x0000000773200000,0x0000000773c00000)
 ParOldGen       total 114688K, used 9191K [0x00000006cc000000, 0x00000006d3000000, 0x000000076eb00000)
  object space 114688K, 8% used [0x00000006cc000000,0x00000006cc8f9ee0,0x00000006d3000000)
 Metaspace       used 23891K, capacity 24636K, committed 24880K, reserved 1071104K
  class space    used 2897K, capacity 3074K, committed 3120K, reserved 1048576K

Card table byte_map: [0x0000000012620000,0x0000000012dd0000] byte_map_base: 0x000000000efc0000

Marking Bits: (ParMarkBitMap*) 0x0000000065234ce0
 Begin Bits: [0x0000000013af0000, 0x00000000177f0000)
 End Bits:   [0x00000000177f0000, 0x000000001b4f0000)

Polling page: 0x0000000001180000

CodeCache: size=245760Kb used=11450Kb max_used=11456Kb free=234310Kb
 bounds [0x0000000003260000, 0x0000000003da0000, 0x0000000012260000]
 total_blobs=3698 nmethods=3271 adapters=339
 compilation: enabled

Compilation events (10 events):
Event: 26.927 Thread 0x000000001e49c000 3269       3       java.nio.CharBuffer::array (35 bytes)
Event: 26.927 Thread 0x000000001e49c000 nmethod 3269 0x0000000003d935d0 code [0x0000000003d93760, 0x0000000003d93a78]
Event: 26.927 Thread 0x000000001e49c000 3270       3       java.nio.CharBuffer::<init> (22 bytes)
Event: 26.927 Thread 0x000000001e49c000 nmethod 3270 0x0000000003d931d0 code [0x0000000003d93340, 0x0000000003d93508]
Event: 26.947 Thread 0x000000001e49c000 3271       3       java.io.FileOutputStream::write (12 bytes)
Event: 26.947 Thread 0x000000001e49c000 nmethod 3271 0x0000000003d92e50 code [0x0000000003d92fc0, 0x0000000003d93148]
Event: 26.954 Thread 0x000000001e491000 3272       4       java.lang.String::checkBounds (46 bytes)
Event: 26.955 Thread 0x000000001e491000 nmethod 3272 0x0000000003d94490 code [0x0000000003d945c0, 0x0000000003d94678]
Event: 26.969 Thread 0x000000001e498000 3273  s    4       sun.misc.URLClassPath::getNextLoader (88 bytes)
Event: 26.972 Thread 0x000000001e495000 3274  s!   4       sun.misc.URLClassPath::getLoader (243 bytes)

GC Heap History (8 events):
Event: 0.968 GC heap before
{Heap before GC invocations=1 (full 0):
 PSYoungGen      total 72704K, used 62464K [0x000000076eb00000, 0x0000000773c00000, 0x00000007c0000000)
  eden space 62464K, 100% used [0x000000076eb00000,0x0000000772800000,0x0000000772800000)
  from space 10240K, 0% used [0x0000000773200000,0x0000000773200000,0x0000000773c00000)
  to   space 10240K, 0% used [0x0000000772800000,0x0000000772800000,0x0000000773200000)
 ParOldGen       total 166912K, used 0K [0x00000006cc000000, 0x00000006d6300000, 0x000000076eb00000)
  object space 166912K, 0% used [0x00000006cc000000,0x00000006cc000000,0x00000006d6300000)
 Metaspace       used 13861K, capacity 14104K, committed 14208K, reserved 1062912K
  class space    used 1547K, capacity 1640K, committed 1664K, reserved 1048576K
Event: 0.975 GC heap after
Heap after GC invocations=1 (full 0):
 PSYoungGen      total 72704K, used 9867K [0x000000076eb00000, 0x0000000773c00000, 0x00000007c0000000)
  eden space 62464K, 0% used [0x000000076eb00000,0x000000076eb00000,0x0000000772800000)
  from space 10240K, 96% used [0x0000000772800000,0x00000007731a2ee8,0x0000000773200000)
  to   space 10240K, 0% used [0x0000000773200000,0x0000000773200000,0x0000000773c00000)
 ParOldGen       total 166912K, used 16K [0x00000006cc000000, 0x00000006d6300000, 0x000000076eb00000)
  object space 166912K, 0% used [0x00000006cc000000,0x00000006cc004000,0x00000006d6300000)
 Metaspace       used 13861K, capacity 14104K, committed 14208K, reserved 1062912K
  class space    used 1547K, capacity 1640K, committed 1664K, reserved 1048576K
}
Event: 1.556 GC heap before
{Heap before GC invocations=2 (full 0):
 PSYoungGen      total 72704K, used 72331K [0x000000076eb00000, 0x0000000773c00000, 0x00000007c0000000)
  eden space 62464K, 100% used [0x000000076eb00000,0x0000000772800000,0x0000000772800000)
  from space 10240K, 96% used [0x0000000772800000,0x00000007731a2ee8,0x0000000773200000)
  to   space 10240K, 0% used [0x0000000773200000,0x0000000773200000,0x0000000773c00000)
 ParOldGen       total 166912K, used 16K [0x00000006cc000000, 0x00000006d6300000, 0x000000076eb00000)
  object space 166912K, 0% used [0x00000006cc000000,0x00000006cc004000,0x00000006d6300000)
 Metaspace       used 16181K, capacity 16362K, committed 16768K, reserved 1064960K
  class space    used 1757K, capacity 1835K, committed 1920K, reserved 1048576K
Event: 1.562 GC heap after
Heap after GC invocations=2 (full 0):
 PSYoungGen      total 72704K, used 9380K [0x000000076eb00000, 0x0000000773c00000, 0x00000007c0000000)
  eden space 62464K, 0% used [0x000000076eb00000,0x000000076eb00000,0x0000000772800000)
  from space 10240K, 91% used [0x0000000773200000,0x0000000773b292c0,0x0000000773c00000)
  to   space 10240K, 0% used [0x0000000772800000,0x0000000772800000,0x0000000773200000)
 ParOldGen       total 166912K, used 160K [0x00000006cc000000, 0x00000006d6300000, 0x000000076eb00000)
  object space 166912K, 0% used [0x00000006cc000000,0x00000006cc028020,0x00000006d6300000)
 Metaspace       used 16181K, capacity 16362K, committed 16768K, reserved 1064960K
  class space    used 1757K, capacity 1835K, committed 1920K, reserved 1048576K
}
Event: 2.127 GC heap before
{Heap before GC invocations=3 (full 0):
 PSYoungGen      total 72704K, used 61387K [0x000000076eb00000, 0x0000000773c00000, 0x00000007c0000000)
  eden space 62464K, 83% used [0x000000076eb00000,0x0000000771dc9ba8,0x0000000772800000)
  from space 10240K, 91% used [0x0000000773200000,0x0000000773b292c0,0x0000000773c00000)
  to   space 10240K, 0% used [0x0000000772800000,0x0000000772800000,0x0000000773200000)
 ParOldGen       total 166912K, used 160K [0x00000006cc000000, 0x00000006d6300000, 0x000000076eb00000)
  object space 166912K, 0% used [0x00000006cc000000,0x00000006cc028020,0x00000006d6300000)
 Metaspace       used 20665K, capacity 21230K, committed 21296K, reserved 1069056K
  class space    used 2452K, capacity 2605K, committed 2608K, reserved 1048576K
Event: 2.136 GC heap after
Heap after GC invocations=3 (full 0):
 PSYoungGen      total 72704K, used 9388K [0x000000076eb00000, 0x0000000773c00000, 0x00000007c0000000)
  eden space 62464K, 0% used [0x000000076eb00000,0x000000076eb00000,0x0000000772800000)
  from space 10240K, 91% used [0x0000000772800000,0x000000077312b0a0,0x0000000773200000)
  to   space 10240K, 0% used [0x0000000773200000,0x0000000773200000,0x0000000773c00000)
 ParOldGen       total 166912K, used 168K [0x00000006cc000000, 0x00000006d6300000, 0x000000076eb00000)
  object space 166912K, 0% used [0x00000006cc000000,0x00000006cc02a020,0x00000006d6300000)
 Metaspace       used 20665K, capacity 21230K, committed 21296K, reserved 1069056K
  class space    used 2452K, capacity 2605K, committed 2608K, reserved 1048576K
}
Event: 2.136 GC heap before
{Heap before GC invocations=4 (full 1):
 PSYoungGen      total 72704K, used 9388K [0x000000076eb00000, 0x0000000773c00000, 0x00000007c0000000)
  eden space 62464K, 0% used [0x000000076eb00000,0x000000076eb00000,0x0000000772800000)
  from space 10240K, 91% used [0x0000000772800000,0x000000077312b0a0,0x0000000773200000)
  to   space 10240K, 0% used [0x0000000773200000,0x0000000773200000,0x0000000773c00000)
 ParOldGen       total 166912K, used 168K [0x00000006cc000000, 0x00000006d6300000, 0x000000076eb00000)
  object space 166912K, 0% used [0x00000006cc000000,0x00000006cc02a020,0x00000006d6300000)
 Metaspace       used 20665K, capacity 21230K, committed 21296K, reserved 1069056K
  class space    used 2452K, capacity 2605K, committed 2608K, reserved 1048576K
Event: 2.180 GC heap after
Heap after GC invocations=4 (full 1):
 PSYoungGen      total 72704K, used 0K [0x000000076eb00000, 0x0000000773c00000, 0x00000007c0000000)
  eden space 62464K, 0% used [0x000000076eb00000,0x000000076eb00000,0x0000000772800000)
  from space 10240K, 0% used [0x0000000772800000,0x0000000772800000,0x0000000773200000)
  to   space 10240K, 0% used [0x0000000773200000,0x0000000773200000,0x0000000773c00000)
 ParOldGen       total 114688K, used 9191K [0x00000006cc000000, 0x00000006d3000000, 0x000000076eb00000)
  object space 114688K, 8% used [0x00000006cc000000,0x00000006cc8f9ee0,0x00000006d3000000)
 Metaspace       used 20665K, capacity 21230K, committed 21296K, reserved 1069056K
  class space    used 2452K, capacity 2605K, committed 2608K, reserved 1048576K
}

Deoptimization events (10 events):
Event: 2.326 Thread 0x0000000003162800 Uncommon trap: reason=bimorphic action=maybe_recompile pc=0x0000000003b31614 method=java.util.regex.Pattern$CharProperty$1.isSatisfiedBy(I)Z @ 5
Event: 2.381 Thread 0x0000000003162800 Uncommon trap: reason=unstable_if action=reinterpret pc=0x0000000003b14fb8 method=java.util.Properties$LineReader.readLine()I @ 105
Event: 22.580 Thread 0x0000000003162800 Uncommon trap: reason=unstable_if action=reinterpret pc=0x00000000036a9f00 method=java.net.URI$Parser.scan(IIJJ)I @ 39
Event: 23.952 Thread 0x0000000003162800 Uncommon trap: reason=unstable_if action=reinterpret pc=0x0000000003d22fb4 method=java.util.regex.Pattern$Curly.match0(Ljava/util/regex/Matcher;IILjava/lang/CharSequence;)Z @ 66
Event: 23.958 Thread 0x0000000003162800 Uncommon trap: reason=bimorphic action=maybe_recompile pc=0x0000000003b50614 method=java.net.URL.<init>(Ljava/net/URL;Ljava/lang/String;Ljava/net/URLStreamHandler;)V @ 504
Event: 23.959 Thread 0x0000000003162800 Uncommon trap: reason=bimorphic action=maybe_recompile pc=0x0000000003b50614 method=java.net.URL.<init>(Ljava/net/URL;Ljava/lang/String;Ljava/net/URLStreamHandler;)V @ 504
Event: 23.983 Thread 0x0000000003162800 Uncommon trap: reason=unstable_if action=reinterpret pc=0x0000000003446208 method=java.lang.String.replace(CC)Ljava/lang/String; @ 2
Event: 23.987 Thread 0x0000000003162800 Uncommon trap: reason=unstable_if action=reinterpret pc=0x0000000003c8eab8 method=java.util.regex.Pattern$BnM.optimize(Ljava/util/regex/Pattern$Node;)Ljava/util/regex/Pattern$Node; @ 91
Event: 23.987 Thread 0x0000000003162800 Uncommon trap: reason=bimorphic action=maybe_recompile pc=0x0000000003b50614 method=java.net.URL.<init>(Ljava/net/URL;Ljava/lang/String;Ljava/net/URLStreamHandler;)V @ 504
Event: 24.025 Thread 0x0000000021953800 Uncommon trap: reason=unstable_if action=reinterpret pc=0x00000000035f3688 method=java.net.URI.match(CJJ)Z @ 19

Classes redefined (0 events):
No events

Internal exceptions (10 events):
Event: 2.103 Thread 0x0000000003162800 Exception <a 'java/lang/NoSuchMethodError': java.lang.Object.lambda$thenComparing$36697e65$1(Ljava/util/Comparator;Ljava/lang/Object;Ljava/lang/Object;)I> (0x0000000771baa6a8) thrown at [C:\re\workspace\8-2-build-windows-amd64-cygwin\jdk8u201\12322\hotspo
Event: 2.109 Thread 0x0000000003162800 Exception <a 'sun/nio/fs/WindowsException'> (0x0000000771c07fc8) thrown at [C:\re\workspace\8-2-build-windows-amd64-cygwin\jdk8u201\12322\hotspot\src\share\vm\prims\jni.cpp, line 709]
Event: 2.353 Thread 0x0000000003162800 Exception <a 'java/lang/NoSuchMethodError': java.lang.Object.lambda$maxBy$1(Ljava/util/Comparator;Ljava/lang/Object;Ljava/lang/Object;)Ljava/lang/Object;> (0x000000076f7fc6e8) thrown at [C:\re\workspace\8-2-build-windows-amd64-cygwin\jdk8u201\12322\hotspo
Event: 2.381 Thread 0x0000000003162800 Implicit null exception at 0x0000000003b14613 to 0x0000000003b14f59
Event: 22.584 Thread 0x0000000003162800 Exception <a 'java/io/FileNotFoundException'> (0x000000076fd73cf8) thrown at [C:\re\workspace\8-2-build-windows-amd64-cygwin\jdk8u201\12322\hotspot\src\share\vm\prims\jni.cpp, line 709]
Event: 24.532 Thread 0x0000000021953800 Exception <a 'java/net/SocketTimeoutException': connect timed out> (0x0000000770466cd0) thrown at [C:\re\workspace\8-2-build-windows-amd64-cygwin\jdk8u201\12322\hotspot\src\share\vm\prims\jni.cpp, line 735]
Event: 25.056 Thread 0x0000000021953800 Exception <a 'java/net/SocketTimeoutException': connect timed out> (0x0000000770468510) thrown at [C:\re\workspace\8-2-build-windows-amd64-cygwin\jdk8u201\12322\hotspot\src\share\vm\prims\jni.cpp, line 735]
Event: 25.594 Thread 0x0000000021953800 Exception <a 'java/net/SocketTimeoutException': connect timed out> (0x0000000770469d50) thrown at [C:\re\workspace\8-2-build-windows-amd64-cygwin\jdk8u201\12322\hotspot\src\share\vm\prims\jni.cpp, line 735]
Event: 26.149 Thread 0x0000000021953800 Exception <a 'java/net/SocketTimeoutException': connect timed out> (0x000000077046b590) thrown at [C:\re\workspace\8-2-build-windows-amd64-cygwin\jdk8u201\12322\hotspot\src\share\vm\prims\jni.cpp, line 735]
Event: 26.749 Thread 0x0000000021953800 Exception <a 'java/net/SocketTimeoutException': connect timed out> (0x000000077046cdd0) thrown at [C:\re\workspace\8-2-build-windows-amd64-cygwin\jdk8u201\12322\hotspot\src\share\vm\prims\jni.cpp, line 735]

Events (10 events):
Event: 26.975 loading class io/appium/java_client/LocksDevice
Event: 26.975 loading class io/appium/java_client/LocksDevice done
Event: 26.975 loading class io/appium/java_client/android/HasAndroidSettings
Event: 26.975 loading class io/appium/java_client/android/HasAndroidSettings done
Event: 26.976 loading class io/appium/java_client/HasSettings
Event: 26.976 loading class io/appium/java_client/HasSettings done
Event: 26.976 loading class io/appium/java_client/android/HasAndroidDeviceDetails
Event: 26.977 loading class io/appium/java_client/android/HasAndroidDeviceDetails done
Event: 26.977 loading class io/appium/java_client/android/HasSupportedPerformanceDataType
Event: 26.977 loading class io/appium/java_client/android/HasSupportedPerformanceDataType done


Dynamic libraries:
0x00007ff721120000 - 0x00007ff721157000 	C:\Program Files\Java\jdk1.8.0_201\jre\bin\java.exe
0x00007ffd02650000 - 0x00007ffd02846000 	C:\Windows\SYSTEM32\ntdll.dll
0x00007ffd00f90000 - 0x00007ffd0104d000 	C:\Windows\System32\KERNEL32.DLL
0x00007ffcffe10000 - 0x00007ffd000d8000 	C:\Windows\System32\KERNELBASE.dll
0x0000000066b20000 - 0x0000000066bb5000 	C:\Windows\System32\SYSFER.DLL
0x00007ffd01ce0000 - 0x00007ffd01d8c000 	C:\Windows\System32\ADVAPI32.dll
0x00007ffd00960000 - 0x00007ffd009fe000 	C:\Windows\System32\msvcrt.dll
0x00007ffd01520000 - 0x00007ffd015bb000 	C:\Windows\System32\sechost.dll
0x00007ffd01770000 - 0x00007ffd01894000 	C:\Windows\System32\RPCRT4.dll
0x00007ffd01380000 - 0x00007ffd01520000 	C:\Windows\System32\USER32.dll
0x00007ffd00580000 - 0x00007ffd005a2000 	C:\Windows\System32\win32u.dll
0x00007ffd00760000 - 0x00007ffd0078a000 	C:\Windows\System32\GDI32.dll
0x00007ffd000e0000 - 0x00007ffd001e9000 	C:\Windows\System32\gdi32full.dll
0x00007ffd005b0000 - 0x00007ffd0064d000 	C:\Windows\System32\msvcp_win.dll
0x00007ffd00480000 - 0x00007ffd00580000 	C:\Windows\System32\ucrtbase.dll
0x00007ffcdeab0000 - 0x00007ffcded4b000 	C:\Windows\WinSxS\amd64_microsoft.windows.common-controls_6595b64144ccf1df_6.0.19041.488_none_ca04af081b815d21\COMCTL32.dll
0x00007ffd00930000 - 0x00007ffd00960000 	C:\Windows\System32\IMM32.DLL
0x0000000065a50000 - 0x0000000065b21000 	C:\Program Files\Java\jdk1.8.0_201\jre\bin\msvcr100.dll
0x0000000064a10000 - 0x00000000652b4000 	C:\Program Files\Java\jdk1.8.0_201\jre\bin\server\jvm.dll
0x00007ffd00920000 - 0x00007ffd00928000 	C:\Windows\System32\PSAPI.DLL
0x00007ffce9ac0000 - 0x00007ffce9ac9000 	C:\Windows\SYSTEM32\WSOCK32.dll
0x00007ffd010e0000 - 0x00007ffd0114b000 	C:\Windows\System32\WS2_32.dll
0x00007ffcddbe0000 - 0x00007ffcddc07000 	C:\Windows\SYSTEM32\WINMM.dll
0x00007ffcf60f0000 - 0x00007ffcf60fa000 	C:\Windows\SYSTEM32\VERSION.dll
0x00007ffcf5f30000 - 0x00007ffcf5f3f000 	C:\Program Files\Java\jdk1.8.0_201\jre\bin\verify.dll
0x00007ffcc7960000 - 0x00007ffcc7989000 	C:\Program Files\Java\jdk1.8.0_201\jre\bin\java.dll
0x00007ffce4a30000 - 0x00007ffce4a46000 	C:\Program Files\Java\jdk1.8.0_201\jre\bin\zip.dll
0x00007ffd01d90000 - 0x00007ffd024d1000 	C:\Windows\System32\SHELL32.dll
0x00007ffcfdee0000 - 0x00007ffcfe675000 	C:\Windows\SYSTEM32\windows.storage.dll
0x00007ffd01980000 - 0x00007ffd01cd5000 	C:\Windows\System32\combase.dll
0x00007ffcff730000 - 0x00007ffcff75c000 	C:\Windows\SYSTEM32\Wldp.dll
0x00007ffd00870000 - 0x00007ffd0091e000 	C:\Windows\System32\SHCORE.dll
0x00007ffd01050000 - 0x00007ffd010a5000 	C:\Windows\System32\shlwapi.dll
0x00007ffcffcc0000 - 0x00007ffcffce6000 	C:\Windows\SYSTEM32\profapi.dll
0x00007ffcf57f0000 - 0x00007ffcf57fd000 	C:\Program Files\Java\jdk1.8.0_201\jre\bin\management.dll
0x00007ffcff680000 - 0x00007ffcff698000 	C:\Windows\SYSTEM32\CRYPTSP.dll
0x00007ffcfee40000 - 0x00007ffcfee74000 	C:\Windows\system32\rsaenh.dll
0x00007ffd00400000 - 0x00007ffd00427000 	C:\Windows\System32\bcrypt.dll
0x00007ffcffc80000 - 0x00007ffcffcae000 	C:\Windows\SYSTEM32\USERENV.dll
0x00007ffcffd90000 - 0x00007ffcffe0f000 	C:\Windows\System32\bcryptprimitives.dll
0x00007ffcff6a0000 - 0x00007ffcff6ac000 	C:\Windows\SYSTEM32\CRYPTBASE.dll
0x00007ffcd2aa0000 - 0x00007ffcd2aba000 	C:\Program Files\Java\jdk1.8.0_201\jre\bin\net.dll
0x00007ffcea790000 - 0x00007ffcea97d000 	C:\Windows\SYSTEM32\urlmon.dll
0x00007ffceb6a0000 - 0x00007ffceb950000 	C:\Windows\SYSTEM32\iertutil.dll
0x00007ffcff4b0000 - 0x00007ffcff51a000 	C:\Windows\system32\mswsock.dll
0x00007ffcff1a0000 - 0x00007ffcff1db000 	C:\Windows\SYSTEM32\IPHLPAPI.DLL
0x00007ffd00860000 - 0x00007ffd00868000 	C:\Windows\System32\NSI.dll
0x00007ffcf52f0000 - 0x00007ffcf5307000 	C:\Windows\SYSTEM32\dhcpcsvc6.DLL
0x00007ffcf51a0000 - 0x00007ffcf51bd000 	C:\Windows\SYSTEM32\dhcpcsvc.DLL
0x00007ffcff1f0000 - 0x00007ffcff2bb000 	C:\Windows\SYSTEM32\DNSAPI.dll
0x00007ffcd0680000 - 0x00007ffcd0691000 	C:\Program Files\Java\jdk1.8.0_201\jre\bin\nio.dll
0x00007ffcf20b0000 - 0x00007ffcf20ba000 	C:\Windows\System32\rasadhlp.dll
0x00007ffcf51c0000 - 0x00007ffcf523f000 	C:\Windows\System32\fwpuclnt.dll

VM Arguments:
java_command: C:\Users\Maithili.S\AppData\Local\Temp\surefire6798611437473455096\surefirebooter6579248182584352402.jar C:\Users\Maithili.S\AppData\Local\Temp\surefire6798611437473455096 2020-11-18T19-53-52_362-jvmRun1 surefire8653449968564389348tmp surefire_02620675025134286802tmp
java_class_path (initial): C:\Users\Maithili.S\AppData\Local\Temp\surefire6798611437473455096\surefirebooter6579248182584352402.jar
Launcher Type: SUN_STANDARD

Environment Variables:
JAVA_HOME=C:\Program Files\Java\jdk1.8.0_201
PATH=C:/Program Files/Java/jre1.8.0_201/bin/server;C:/Program Files/Java/jre1.8.0_201/bin;C:/Program Files/Java/jre1.8.0_201/lib/amd64;C:\Program Files (x86)\VMware\VMware Workstation\bin\;C:\Program Files (x86)\Common Files\Oracle\Java\javapath;C:\Windows\system32;C:\Windows;C:\Windows\System32\Wbem;C:\Windows\System32\WindowsPowerShell\v1.0\;C:\Windows\System32\OpenSSH\;C:\Program Files\Java\jdk1.8.0_201\bin;C:\Program Files\nodejs\;C:\Users\Maithili.S\AppData\Local\Microsoft\WindowsApps;C:\Users\Maithili.S\AppData\Roaming\npm;C:\adb;D:\apache-maven-3.6.3-bin\apache-maven-3.6.3\bin;C:\Users\Maithili.S\android-sdks\tools;C:\Users\Maithili.S\android-sdks\platform-tools;C:\Program Files\Git\cmd;C:\Program Files\Git\bin;D:\Automation\cmake-3.19.0-rc1-win64-x64\cmake-3.19.0-rc1-win64-x64\bin;C:\Program Files (x86)\Windows Kits\8.1\Windows Performance Toolkit\;C:\Users\Maithili.S\.windows-build-tools\python27\;C:\Users\Maithili.S\AppData\Local\Microsoft\WindowsApps;C:\Users\Maithili.S\AppData\Roaming\npm;D:\eclipse-jee-photon-R-win32-x86_64\eclipse;
USERNAME=maithili.s
OS=Windows_NT
PROCESSOR_IDENTIFIER=Intel64 Family 6 Model 142 Stepping 12, GenuineIntel



---------------  S Y S T E M  ---------------

OS: Windows 10.0 , 64 bit Build 19041 (10.0.19041.546)

CPU:total 8 (initial active 8) (4 cores per cpu, 2 threads per core) family 6 model 142 stepping 12, cmov, cx8, fxsr, mmx, sse, sse2, sse3, ssse3, sse4.1, sse4.2, popcnt, avx, avx2, aes, clmul, erms, 3dnowpref, lzcnt, ht, tsc, tscinvbit, bmi1, bmi2, adx

Memory: 4k page, physical 15982656k(3121692k free), swap 37038660k(4152k free)

vm_info: Java HotSpot(TM) 64-Bit Server VM (25.201-b09) for windows-amd64 JRE (1.8.0_201-b09), built on Dec 15 2018 18:36:39 by "java_re" with MS VC++ 10.0 (VS2010)

time: Wed Nov 18 19:54:19 2020
timezone: India Standard Time
elapsed time: 26 seconds (0d 0h 0m 26s)

